Starting iteration 0
[13815, 237, 331, 4251, 583, 366, 941, 317]
diff = [19.427250389816749, 18.656463490881816, 18.6653766697743, 19.192008988930883, 18.907382838787253, 18.69651092324084, 19.468071528696665, 18.084821864522674]
Starting iteration 1
[10270, 894, 1042, 3372, 1161, 963, 2039, 1100]
diff = [1.4969099183017758, 2.5802458150242726, 3.2561619822881611, 1.5018654500024606, 2.5488373250817786, 2.3692785049749396, 2.2300496287989535, 3.7730926854769877]
Starting iteration 2
[6778, 1104, 1362, 6272, 1203, 1350, 1808, 964]
diff = [1.7337863126241331, 2.355584044948829, 2.3667515779434751, 1.7814104816255385, 2.0225691265858221, 2.8833323908425328, 2.2354350959248341, 1.596892806683009]
Starting iteration 3
[3692, 1074, 1319, 9669, 1119, 1576, 1600, 792]
diff = [3.7312114424126621, 2.5043973998617868, 2.2084516136055385, 0.91098389776021349, 1.3797201279479687, 1.5567556642605298, 1.8342045766967747, 1.9229760995957021]
Starting iteration 4
[2732, 1033, 1285, 10796, 1022, 1711, 1537, 725]
diff = [2.3466422541322838, 1.1601190011240867, 1.4280758526183128, 0.34517022389748669, 0.77521605118955172, 0.6736111315086496, 0.62373529672815164, 2.5531086750009462]
Starting iteration 5
[2476, 1001, 1207, 11189, 949, 1748, 1483, 788]
diff = [0.71201011117639867, 0.67441211697943459, 0.97200692794320598, 0.11416432250229683, 0.57945035383507004, 0.25468548262978929, 0.35214304059090817, 2.1298938140268344]
Starting iteration 6
[2405, 978, 1106, 11366, 878, 1752, 1404, 952]
diff = [0.18480550801432818, 0.5227785918801332, 0.65092039669207713, 0.089866759630067877, 0.50918870281892292, 0.15049106485893249, 0.47956262560306212, 1.6880010549793139]
Starting iteration 7
[2366, 957, 1041, 11346, 818, 1733, 1352, 1228]
diff = [0.10584416201493652, 0.41777099382271804, 0.41944048226148767, 0.12824669959911722, 0.46480038306239996, 0.17564620793801053, 0.41769976680424092, 1.5682256846156439]
Starting iteration 8
[2353, 930, 980, 11334, 773, 1713, 1310, 1448]
diff = [0.037972577827057284, 0.46976343599051884, 0.49743863665575611, 0.08079775443000986, 0.44144655655088888, 0.15964979285312647, 0.2634826968863398, 0.90101664139826809]
Starting iteration 9
[2332, 925, 942, 11338, 729, 1699, 1268, 1608]
diff = [0.087650155711909247, 0.33237373029464612, 0.31530389223564198, 0.050816576724780564, 0.53655217341703432, 0.11265691497770211, 0.2408153119760888, 0.69091973995587941]
Starting iteration 10
[2325, 913, 925, 11370, 678, 1696, 1234, 1700]
diff = [0.036311106733316105, 0.20153331786885123, 0.1341518432376427, 0.045166811545969431, 0.65225929762073864, 0.075627694974366708, 0.18148506108083068, 0.41801962410303423]
Starting iteration 11
[2321, 903, 915, 11391, 647, 1688, 1205, 1771]
diff = [0.021134903866376353, 0.25071645549930943, 0.11426298457812263, 0.042244068670723743, 0.43401211215319735, 0.043787745349941093, 0.17718062176818036, 0.29498466450579586]
Starting iteration 12
[2315, 895, 906, 11418, 629, 1689, 1178, 1811]
diff = [0.032821749861810676, 0.1623722767225593, 0.09452122331323877, 0.021984252609601129, 0.3378498096906743, 0.040306435577186522, 0.17263812099225367, 0.19986871054268371]
Starting iteration 13
[2312, 890, 903, 11425, 620, 1689, 1152, 1850]
diff = [0.025052231935816537, 0.18006570204701614, 0.085101389608414374, 0.018005500197691236, 0.18398879006578125, 0.039464672855525025, 0.14586084789066078, 0.17064019916833792]
Starting iteration 14
[2310, 894, 900, 11422, 612, 1691, 1127, 1885]
diff = [0.021809133833556902, 0.19215873801483402, 0.057420156199874034, 0.021328248791002234, 0.18807765441485544, 0.045437358184381479, 0.12322299528000288, 0.1748506299529243]
Starting iteration 15
[2310, 898, 899, 11421, 606, 1690, 1109, 1908]
diff = [0.0092543542538666528, 0.17117341671151984, 0.017467472547680298, 0.020033242606876531, 0.1952940344814986, 0.046917714228559636, 0.11780942547890064, 0.14694920709638046]
Starting iteration 16
[2311, 901, 897, 11427, 597, 1692, 1094, 1922]
diff = [0.0070127121427285216, 0.098624212487456356, 0.043800989207906059, 0.01318872598627404, 0.1746964247682421, 0.035139258176779188, 0.1005821941325685, 0.096966991966056432]
Starting iteration 17
[2311, 909, 896, 11442, 591, 1691, 1073, 1928]
diff = [0.0, 0.1086019309260423, 0.050933054554782142, 0.011947709516953148, 0.179786361191109, 0.018859481066464286, 0.13006521763385823, 0.04162431350209829]
Starting iteration 18
[2309, 920, 896, 11464, 585, 1689, 1045, 1933]
diff = [0.014016532438136321, 0.147933696134739, 0.0, 0.014317410234800548, 0.21627605466913985, 0.023045247648803165, 0.15320458980157725, 0.043984675096929729]
Starting iteration 19
[2306, 930, 896, 11480, 581, 1685, 1021, 1942]
diff = [0.022730061193580335, 0.10401503693830408, 0.035749145933140471, 0.011951290502878293, 0.15035394309286843, 0.028318180720516183, 0.14083164283983701, 0.058897345724860453]
Starting iteration 20
[2302, 934, 894, 11490, 576, 1688, 1006, 1951]
diff = [0.024527644659239997, 0.078499840230882328, 0.033760250920986931, 0.0091611090813881642, 0.14667706683353302, 0.019055357794342948, 0.12841797946119898, 0.060151339413116699]
Starting iteration 21
[2299, 939, 892, 11499, 570, 1689, 997, 1956]
diff = [0.023647215136874851, 0.092555693866335678, 0.062317988276276506, 0.0083081881643358377, 0.20062835404070239, 0.037136147534811835, 0.0745818919156334, 0.063543220518095828]
Starting iteration 22
[2297, 940, 892, 11515, 564, 1688, 990, 1955]
diff = [0.010753871942246149, 0.096063901271637303, 0.0, 0.0076400317976632751, 0.17267079497789201, 0.041755699966552325, 0.077615179435836582, 0.040964077539224021]
Starting iteration 23
[2296, 945, 892, 11526, 560, 1689, 980, 1953]
diff = [0.016145475596192102, 0.072171840443552904, 0.042230511663312501, 0.0094944554526803955, 0.18761968093548362, 0.024064466293945885, 0.094792619871894565, 0.046510511840077817]
Starting iteration 24
[2293, 953, 893, 11533, 550, 1691, 974, 1954]
diff = [0.041206228325369708, 0.13420934893442452, 0.021261554203220043, 0.0069966501862682414, 0.25197439487735007, 0.018663931132270876, 0.051629505932777209, 0.056566342453374954]
Starting iteration 25
[2288, 958, 894, 11540, 541, 1692, 973, 1955]
diff = [0.038266417006295052, 0.098956715859894837, 0.041538527761034338, 0.0089601160272139435, 0.31643419057130673, 0.0098427589553230777, 0.041878041673346585, 0.066915855466028268]
Starting iteration 26
[2286, 970, 894, 11542, 529, 1693, 969, 1958]
diff = [0.029155583456286768, 0.1375494731182996, 0.0, 0.0092177170188186535, 0.37254736255333565, 0.01547664596659481, 0.054978136023124333, 0.048088947305372748]
Starting iteration 27
[2285, 980, 894, 11546, 525, 1696, 966, 1949]
diff = [0.031893708866600756, 0.1729502024660457, 0.0, 0.013803356401904268, 0.4008960531856704, 0.01955841311849349, 0.070044932800792048, 0.092010296601599831]
Starting iteration 28
[2280, 987, 897, 11557, 522, 1697, 964, 1937]
diff = [0.066053174242458351, 0.13183661733572274, 0.045674089569677188, 0.016786896194358695, 0.29891524028161054, 0.026001885848084501, 0.031056639834830684, 0.15644694399017298]
Starting iteration 29
[2278, 994, 897, 11560, 521, 1697, 959, 1935]
diff = [0.042263115358907248, 0.10043280908548419, 0.0, 0.0082800234024038646, 0.15923184260985937, 0.021041333024581298, 0.052750361320433169, 0.087847428045105466]
Starting iteration 30
[2276, 994, 899, 11571, 521, 1699, 955, 1926]
diff = [0.024929728321470963, 0.075472834340085046, 0.0304180080906357, 0.0082645132148149742, 0.069071225395188104, 0.017538247325578217, 0.055914612995382237, 0.065196528010491361]
Starting iteration 31
[2274, 1000, 901, 11576, 520, 1701, 949, 1920]
diff = [0.028729827822008482, 0.10800698553693643, 0.027606228812329887, 0.0079368943437623744, 0.086785268181954922, 0.024177081999214787, 0.052166013365155882, 0.067437929374382186]
Starting iteration 32
[2272, 1003, 901, 11586, 520, 1705, 945, 1909]
diff = [0.0089937031876450597, 0.051417394039425031, 0.0, 0.0071798386204951848, 0.0, 0.018284119541555195, 0.037026229591404253, 0.052982448109513809]
Starting iteration 33
[2272, 1005, 903, 11591, 519, 1709, 939, 1903]
diff = [0.0, 0.043382201862362767, 0.029857344971024866, 0.0037580120831642401, 0.072760241727248723, 0.020234550301481562, 0.07240571572152435, 0.056236215302106311]
Starting iteration 34
[2272, 1005, 903, 11599, 519, 1712, 939, 1892]
diff = [0.0, 0.0, 0.039293898115637181, 0.0065788230288703004, 0.0, 0.024598476163407549, 0.062042648194374717, 0.064988783694470281]
Starting iteration 35
[2272, 1004, 903, 11605, 519, 1714, 938, 1886]
diff = [0.010378368065626361, 0.013920205408086262, 0.0, 0.0042290138887323388, 0.0, 0.025666829057989431, 0.017889016265345465, 0.044992380170756102]
Starting iteration 36
[2271, 1005, 903, 11610, 519, 1716, 936, 1881]
diff = [0.0089189356606091414, 0.036888939282262202, 0.0, 0.0044622184905858129, 0.0, 0.0093170896335726446, 0.024060950447890722, 0.034830712504361441]
Starting iteration 37
[2270, 1005, 903, 11614, 519, 1716, 936, 1878]
diff = [0.0099449789930174011, 0.039576481196719075, 0.0, 0.0046219404161286434, 0.0, 0.0, 0.0, 0.022611927682003263]
Starting iteration 38
[2271, 1005, 903, 11615, 519, 1716, 936, 1876]
diff = [0.005302617316477222, 0.0, 0.0, 0.0019989573746136643, 0.0, 0.0, 0.0, 0.010719678159786993]
Starting iteration 39
[2272, 1005, 903, 11614, 519, 1716, 936, 1876]
diff = [0.0048254676764458619, 0.0, 0.0, 0.00094413845421713392, 0.0, 0.0, 0.0, 0.0]
Starting iteration 40
[2272, 1005, 903, 11614, 519, 1716, 936, 1876]
diff = [0.0, 0.0, 0.0, 0.0, 0.0, 0.0, 0.0, 0.0]
Converged in 41 iterations
K-means converged in time: 2824.48889995 seconds or 47.0748149991 minutes
Entropy = 3.63348425172
