Magnitudes computed in time:  2.09852910042
Starting iteration 0
[3268, 1988, 2939, 1412, 3496, 3004, 2701, 2033]
diff = [0.40199055932776095, 0.44317273708258687, 0.4191337949512699, 0.37230445887279795, 0.56378244248990517, 0.34918997567699073, 0.37804826185687435, 0.35720571687125313]
Starting iteration 1
[2857, 1512, 2961, 2132, 2517, 3311, 3264, 2287]
diff = [0.084096693959584745, 0.14338690240178065, 0.062283730890762778, 0.076331490922990963, 0.059776926621672444, 0.090008713602918622, 0.057686111225838332, 0.11857018416516529]
Starting iteration 2
[2465, 1460, 2934, 1879, 2307, 3321, 4009, 2466]
diff = [0.036315665479794701, 0.017020313963449829, 0.0080726805176118965, 0.029708296086651598, 0.0012864268267274159, 0.011724997751211275, 0.022381180288446489, 0.045235106709467843]
Starting iteration 3
[2132, 1487, 2861, 1745, 2236, 3328, 4578, 2474]
diff = [0.024043508663848301, 0.015482740920384042, 0.0048144442587821912, 0.0091499381202496677, 0.00024208954755899903, 0.0090449796442266805, 0.015391726639137904, 0.011066274550680544]
Starting iteration 4
[1966, 1485, 2905, 1582, 2212, 3254, 5042, 2395]
diff = [0.0081813825771341886, 0.0034424318556794953, 0.0022571630688806854, 0.0032277121833192979, 4.8007263021232482e-05, 0.014844173967150542, 0.010360615504644288, 0.0037297062796651792]
Starting iteration 5
[1960, 1466, 2974, 1427, 2207, 3209, 5342, 2256]
diff = [0.00087524810035843892, 0.00031265329757090843, 0.00089575037050682038, 0.0025533498103471608, 1.6800021905072349e-05, 0.013977220521690814, 0.0049887772961019206, 0.001676885460296762]
Starting iteration 6
[1981, 1453, 3005, 1316, 2205, 3358, 5367, 2156]
diff = [0.000114998105993247, 2.1119021944682181e-05, 0.00036331416202928235, 0.0016322124103164137, 2.6913231669367654e-05, 0.0020337340787777158, 0.00078409724185235508, 0.00084984413651434387]
Starting iteration 7
[1990, 1450, 3013, 1217, 2199, 3533, 5353, 2086]
diff = [5.0558768052932912e-05, 3.1194560597969101e-06, 0.00011828645120448567, 0.0016348857974520792, 3.8422666216453294e-06, 0.0010191720299619345, 0.00010901323505996263, 0.00054520938333146862]
Starting iteration 8
[2007, 1443, 3023, 1167, 2191, 3655, 5344, 2011]
diff = [4.4987572879628956e-05, 1.0412660158110043e-05, 7.1222827487504858e-05, 0.00080465632731252512, 5.8276312659977236e-06, 0.00065848382195010657, 4.4246722697094398e-05, 0.00035965829827366846]
Starting iteration 9
[2014, 1438, 3043, 1132, 2184, 3754, 5328, 1948]
diff = [2.1209885788686655e-05, 5.7109140557676241e-06, 3.270083353812403e-05, 0.00047174468396182778, 9.1461736538844818e-06, 0.00045265263557892066, 1.5927122850145636e-05, 0.00036061316943447608]
Starting iteration 10
[2024, 1435, 3049, 1103, 2182, 3827, 5325, 1896]
diff = [2.0147263270375859e-05, 2.7964501665422858e-06, 1.2450209763370523e-05, 0.0004574040276544844, 1.2923833596634182e-06, 0.0002432661656407431, 7.835017831969715e-06, 0.00018993694974611675]
Starting iteration 11
[2028, 1436, 3046, 1083, 2181, 3882, 5332, 1853]
diff = [8.8141859687640434e-06, 2.8093801762718584e-07, 7.7173368147054333e-06, 0.0003098890546292532, 1.2227915158202762e-07, 0.00016551606495918136, 7.6960119423929996e-06, 0.00014221511542400478]
Starting iteration 12
[2033, 1437, 3042, 1062, 2181, 3938, 5340, 1808]
diff = [2.4805827385177004e-05, 6.1052098621061646e-07, 4.6261116379842093e-06, 0.00025922537487277353, 0.0, 0.000147335677615823, 4.408896738694601e-06, 0.00014924003653005169]
Starting iteration 13
[2036, 1436, 3043, 1053, 2181, 3961, 5341, 1790]
diff = [1.1560306732993908e-05, 6.4587812609318007e-07, 1.2822378275822999e-06, 0.00013458174839486858, 0.0, 6.4527288167859354e-05, 4.8679202500068186e-06, 6.9298253819627398e-05]
Starting iteration 14
[2036, 1436, 3047, 1043, 2181, 3981, 5341, 1776]
diff = [9.8675624243815818e-06, -2.2204460492503131e-16, 5.9814802226831887e-06, 9.8468802401163735e-05, 0.0, 4.3696852316310597e-05, 1.2605449054570173e-06, 4.2512679337969317e-05]
Starting iteration 15
[2035, 1437, 3049, 1039, 2181, 3993, 5340, 1767]
diff = [2.4879930474730472e-06, 1.0158457752762473e-06, 4.4275169767127309e-06, 0.00010936950521112099, 0.0, 3.0408355669697684e-05, 2.5545555386585761e-06, 7.1734395129530171e-06]
Starting iteration 16
[2036, 1437, 3053, 1028, 2182, 4005, 5337, 1763]
diff = [5.5194878567643713e-06, -2.2204460492503131e-16, 3.9819094669324429e-06, 0.00020224595078688345, 1.3125653974821461e-07, 1.8744056892616712e-05, 1.4456595257561489e-06, 3.9582969502127696e-06]
Starting iteration 17
[2035, 1436, 3055, 1013, 2182, 4020, 5338, 1762]
diff = [2.3458361118056104e-06, 2.0355578589370538e-06, 1.2857752230699404e-06, 0.00035903226673206223, 1.1102230246251565e-16, 4.58033724769491e-05, 1.8433561321806735e-06, 1.2783929420612239e-06]
Starting iteration 18
[2033, 1436, 3058, 998, 2181, 4033, 5340, 1762]
diff = [6.6866882321159338e-06, -2.2204460492503131e-16, 2.4798054966135297e-06, 0.00048300444310855895, 9.9267350006648769e-08, 4.3652662882198712e-05, 5.9262606888488278e-07, -2.2204460492503131e-16]
Starting iteration 19
[2032, 1436, 3060, 975, 2181, 4056, 5338, 1763]
diff = [9.0385206097387538e-07, -2.2204460492503131e-16, 1.273603865370454e-06, 0.00053824785789013951, -2.2204460492503131e-16, 7.4861393204339599e-05, 1.3405596165361189e-06, 3.594507351767362e-07]
Starting iteration 20
[2030, 1435, 3060, 956, 2181, 4079, 5336, 1764]
diff = [2.5829178451619583e-06, 6.6099195794588894e-07, 6.8871803937664566e-07, 0.00077758050520926325, -2.2204460492503131e-16, 0.00014623865942597902, 5.0619485814085152e-07, 3.442022917798937e-07]
Starting iteration 21
[2028, 1435, 3060, 951, 2181, 4089, 5333, 1764]
diff = [1.3229993889307679e-06, -2.2204460492503131e-16, 1.3545277525173205e-06, 9.0752955334894025e-05, -2.2204460492503131e-16, 2.1687386140945009e-05, 1.4386389194376292e-06, 2.2204460492503131e-16]
Starting iteration 22
[2027, 1435, 3060, 949, 2181, 4091, 5334, 1764]
diff = [3.499774345883111e-07, -2.2204460492503131e-16, 0.0, 1.1595809748743413e-05, -2.2204460492503131e-16, 3.2091786182908422e-06, 5.1287660984833394e-07, 2.2204460492503131e-16]
Starting iteration 23
[2027, 1435, 3061, 948, 2181, 4091, 5334, 1764]
diff = [1.1102230246251565e-16, -2.2204460492503131e-16, 2.0051054971936821e-07, 2.730957472052431e-06, -2.2204460492503131e-16, 7.0526984474739152e-07, 0.0, 2.2204460492503131e-16]
Converged in 24 iterations
K-means converged in time: 1324.32355905 seconds or 22.0720593174 minutes
Entropy = 3.41406922379
