Starting iteration 0
[19004, 651, 705, 481]
diff = [19.288934948461641, 18.509647829417062, 18.110998859100789, 18.013221005301002]
Starting iteration 1
[15873, 2096, 1604, 1268]
diff = [1.0765604385957903, 2.937088478606551, 3.6261092782798299, 4.5292797602182731]
Starting iteration 2
[14644, 2725, 2331, 1141]
diff = [0.47694011450837254, 0.98233003704880084, 2.7416761316814298, 3.1037087731334987]
Starting iteration 3
[14204, 2841, 2702, 1094]
diff = [0.36302069197914144, 0.57433033020330782, 1.8315646498897393, 1.8722998268406386]
Starting iteration 4
[13904, 2835, 3008, 1094]
diff = [0.41216779148955168, 0.52065347661289951, 1.8130510333137508, 1.1326049473488193]
Starting iteration 5
[13639, 2829, 3276, 1097]
diff = [0.49970288410610936, 0.55229593812646882, 2.0452169020959214, 0.74923938318341377]
Starting iteration 6
[13591, 2800, 3333, 1117]
diff = [0.38149466860314379, 0.58744389027956156, 1.7262312098629036, 0.53125817841456668]
Starting iteration 7
[13864, 2809, 3031, 1137]
diff = [0.20490083031797168, 0.73775962106858384, 1.5338753545678379, 0.39888730284087198]
Starting iteration 8
[14210, 2802, 2681, 1148]
diff = [0.13083342312164251, 0.7536409427682087, 1.4286052155390925, 0.21649541232646416]
Starting iteration 9
[14352, 2831, 2513, 1145]
diff = [0.04777272906567253, 0.65880831306052368, 0.68745163081231597, 0.15287757538110266]
Starting iteration 10
[14365, 2891, 2451, 1134]
diff = [0.077389405549556964, 0.59868095265775478, 0.25986763195015611, 0.14674438362591374]
Starting iteration 11
[14333, 2959, 2426, 1123]
diff = [0.083768571935804059, 0.52946060237105574, 0.12242144552330354, 0.18070379683586263]
Starting iteration 12
[14284, 3012, 2416, 1129]
diff = [0.08497608890119486, 0.46755978187962616, 0.054745773594200138, 0.1613962144567439]
Starting iteration 13
[14221, 3071, 2412, 1137]
diff = [0.07395493965398689, 0.38493571891196987, 0.026003189867626904, 0.1689943350832534]
Starting iteration 14
[14151, 3140, 2411, 1139]
diff = [0.069827824504126126, 0.36193695979078216, 0.017665643017794361, 0.17694026380749589]
Starting iteration 15
[14040, 3264, 2403, 1134]
diff = [0.079360218629042106, 0.38368246775902809, 0.047914023224601553, 0.1549088618497492]
Starting iteration 16
[13985, 3322, 2394, 1140]
diff = [0.057432227443244936, 0.32089983660299559, 0.040079057304670859, 0.26204863609089502]
Starting iteration 17
[13926, 3372, 2387, 1156]
diff = [0.058292832329636252, 0.31449598275060375, 0.033615877887454938, 0.2411863287489765]
Starting iteration 18
[13900, 3390, 2380, 1171]
diff = [0.039459024606019528, 0.24220078902278758, 0.047169914036952414, 0.25477533322829199]
Starting iteration 19
[13884, 3388, 2379, 1190]
diff = [0.022134151721422964, 0.13943637309773554, 0.0055824099629436129, 0.24153088357711977]
Starting iteration 20
[13876, 3366, 2373, 1226]
diff = [0.01984638338072868, 0.16875738393485978, 0.030829926566604424, 0.36264383511751946]
Starting iteration 21
[13891, 3329, 2370, 1251]
diff = [0.022681428518137786, 0.14579230569633356, 0.013174073349339984, 0.23859536513791818]
Starting iteration 22
[13921, 3272, 2369, 1279]
diff = [0.027503626838499325, 0.14017562140797887, 0.0073218843399759518, 0.26052714302292279]
Starting iteration 23
[13968, 3205, 2368, 1300]
diff = [0.034149598723823928, 0.17830929758349751, 0.0053677558377637907, 0.20010708875849784]
Starting iteration 24
[14015, 3139, 2367, 1320]
diff = [0.037879991111606774, 0.19529522660290352, 0.0070172573314126767, 0.18902630878884835]
Starting iteration 25
[14072, 3074, 2367, 1328]
diff = [0.037092129415155474, 0.19070004342693547, 0.0, 0.16511425192028542]
Starting iteration 26
[14130, 3002, 2367, 1342]
diff = [0.034842089829405218, 0.18433345327297934, 0.0, 0.15802143589176845]
Starting iteration 27
[14151, 2957, 2366, 1367]
diff = [0.024925355725692988, 0.16484665412883265, 0.0052143684572352892, 0.19921832099025752]
Starting iteration 28
[14176, 2910, 2363, 1392]
diff = [0.024209124647608472, 0.16423214302907121, 0.013710034575329471, 0.18641910091198149]
Starting iteration 29
[14203, 2865, 2361, 1412]
diff = [0.022928091872473182, 0.16694132080236085, 0.010590801079159044, 0.16461874629848366]
Starting iteration 30
[14233, 2826, 2360, 1422]
diff = [0.021143933340327142, 0.15205274237254562, 0.010457294669639492, 0.12511172395610437]
Starting iteration 31
[14260, 2786, 2359, 1436]
diff = [0.017500994844143771, 0.1457243578265667, 0.0077098825094324775, 0.15057588781301984]
Starting iteration 32
[14291, 2743, 2358, 1449]
diff = [0.026618422768760509, 0.19940685571680009, 0.0065383736954415144, 0.14495760596430865]
Starting iteration 33
[14313, 2700, 2358, 1470]
diff = [0.01610097446969537, 0.14085169671792264, 0.0, 0.18564345262793136]
Starting iteration 34
[14334, 2657, 2357, 1493]
diff = [0.018538496305358091, 0.20434886250294251, 0.0065072010835257425, 0.22070600304896634]
Starting iteration 35
[14340, 2630, 2357, 1514]
diff = [0.010086834743182791, 0.17492889755926738, 0.007613219535395164, 0.27965151472754768]
Starting iteration 36
[14347, 2600, 2355, 1539]
diff = [0.0110595386635562, 0.13761233019055721, 0.015305887861534541, 0.23507681478536596]
Starting iteration 37
[14348, 2575, 2355, 1563]
diff = [0.010421965812605606, 0.10078949364460398, 0.0, 0.18149595816982153]
Starting iteration 38
[14337, 2561, 2355, 1588]
diff = [0.014752843107516483, 0.067702588009568326, 0.0, 0.20084668135538156]
Starting iteration 39
[14330, 2550, 2355, 1606]
diff = [0.0091237268876028961, 0.065470067838877141, 0.0, 0.15081092015084369]
Starting iteration 40
[14308, 2545, 2355, 1633]
diff = [0.014073434939481998, 0.036558679310015656, 0.0, 0.15185975291346507]
Starting iteration 41
[14276, 2543, 2354, 1668]
diff = [0.022686512871738947, 0.027945663144527153, 0.004976625952035239, 0.20994185077969046]
Starting iteration 42
[14248, 2538, 2353, 1702]
diff = [0.019083935578221682, 0.042055009640994248, 0.0045523752515186011, 0.18619310525125476]
Starting iteration 43
[14230, 2531, 2352, 1728]
diff = [0.013383736396131793, 0.04691607668507896, 0.0038479024163428606, 0.14429501064699116]
Starting iteration 44
[14214, 2534, 2352, 1741]
diff = [0.011852767005490686, 0.018927387105426224, 0.0, 0.10669462865427015]
Starting iteration 45
[14205, 2531, 2352, 1753]
diff = [0.0063470986403653508, 0.028675043265280888, 0.0, 0.077279268143817373]
Starting iteration 46
[14194, 2530, 2352, 1765]
diff = [0.0078020103081113245, 0.024444837047013168, 0.0, 0.074944458387060181]
Starting iteration 47
[14185, 2526, 2352, 1778]
diff = [0.0077286616058023245, 0.034609240869197963, 0.0, 0.088339949460964601]
Starting iteration 48
[14173, 2525, 2351, 1792]
diff = [0.011330817193043078, 0.017514532297010724, 0.0059995173584281815, 0.093949433766738755]
Starting iteration 49
[14162, 2523, 2351, 1805]
diff = [0.0093673687021228139, 0.016094748457743249, 0.0, 0.0818401162870281]
Starting iteration 50
[14149, 2523, 2351, 1818]
diff = [0.010370991789312769, 0.017871106329917581, 0.0, 0.090954873333511141]
Starting iteration 51
[14137, 2523, 2351, 1830]
diff = [0.0094229853962192068, 0.012286959968291647, 0.0, 0.07871452429593076]
Starting iteration 52
[14125, 2522, 2351, 1843]
diff = [0.0084940172586372188, 0.0049960911490707603, 0.0, 0.063787071202220519]
Starting iteration 53
[14119, 2522, 2349, 1851]
diff = [0.0076996122279823203, 0.0, 0.0072288977834714888, 0.056961153174903981]
Starting iteration 54
[14114, 2521, 2348, 1858]
diff = [0.0049229309999232499, 0.010315343624209371, 0.0048767077844327055, 0.040487795919587191]
Starting iteration 55
[14111, 2522, 2348, 1860]
diff = [0.0041897062887743114, 0.011030774774187952, 0.0, 0.036446883063402546]
Starting iteration 56
[14111, 2522, 2347, 1861]
diff = [0.002684529363599442, 0.010201966955010765, 0.0057416062997809889, 0.020997715895243504]
Starting iteration 57
[14109, 2523, 2346, 1863]
diff = [0.002640167250207878, 0.0053686590877756735, 0.0057740590649493191, 0.01999317837092306]
Starting iteration 58
[14107, 2523, 2346, 1865]
diff = [0.0025383899764940951, 0.0, 0.0, 0.019195498285348132]
Starting iteration 59
[14105, 2522, 2346, 1868]
diff = [0.0033640095451846074, 0.0052800911835795038, 0.0, 0.024163782391306961]
Starting iteration 60
[14103, 2522, 2346, 1870]
diff = [0.0025674090582319094, 0.0, 0.0, 0.019357255127840704]
Starting iteration 61
[14103, 2522, 2346, 1870]
diff = [0.0, 0.0, 0.0, 0.0]
Converged in 62 iterations
K-means converged in time: 2182.87451887 seconds or 36.3812419812 minutes
Entropy = 3.77195219452
