Magnitudes computed in time:  2.11433506012
Starting iteration 0
[938, 378, 735, 904, 413, 377, 623, 354, 811, 641, 2512, 750, 779, 535, 485, 438, 505, 527, 531, 352, 441, 431, 566, 340, 1023, 659, 492, 496, 343, 799, 777, 886]
diff = [0.40096800339273497, 0.37109604854652822, 0.41706462164118352, 0.44398861027226089, 0.41325692348312149, 0.42509901613239676, 0.5499739306519712, 0.46297604158219219, 0.44240419305563805, 0.4273987264927791, 0.67692458262739374, 0.47040118277066978, 0.40181263695623637, 0.4574474712274329, 0.36803013742613844, 0.4051786966389791, 0.39837545670534413, 0.40199043934276346, 0.327389847819893, 0.4194052136415185, 0.4138662816868347, 0.4268489597559415, 0.36874263131311147, 0.39768545918733689, 0.39954155005398062, 0.34179793111576484, 0.33352805412787567, 0.39073235204634094, 0.31967038546288451, 0.47426042304230398, 0.40745296613464665, 0.36136331759211393]
Starting iteration 1
[764, 463, 383, 791, 662, 322, 1333, 219, 324, 478, 2642, 1029, 604, 893, 455, 328, 392, 608, 540, 318, 827, 651, 331, 192, 402, 671, 848, 843, 581, 923, 471, 553]
diff = [0.12954893876983853, 0.14664006479530356, 0.093551633956628244, 0.13590643123956814, 0.16864196902104323, 0.22467426985549033, 0.03643547311446782, 0.213464425425829, 0.19830648575253185, 0.08338063924875494, 0.0084766642318793162, 0.13801126338336678, 0.13801860035622171, 0.14912990222337252, 0.10396102825937081, 0.1155948725730831, 0.094942344004607326, 0.15043053969944598, 0.13100553765845879, 0.13934386556672085, 0.15973569140804222, 0.16993674511585322, 0.18591213888394342, 0.1294286384022999, 0.076945653691350646, 0.15521753013915929, 0.11819332788831005, 0.24233893429404973, 0.1431771323823452, 0.056496096351785319, 0.18470493099074903, 0.11574342785596914]
Starting iteration 2
[871, 451, 314, 744, 738, 370, 1305, 517, 405, 670, 2181, 948, 585, 868, 416, 289, 394, 507, 460, 349, 755, 547, 463, 319, 338, 532, 1055, 796, 636, 691, 613, 714]
diff = [0.058702077451280976, 0.051561102169609185, 0.022872854575099022, 0.019846181920664674, 0.11764037832141405, 0.057098042462885634, 0.0027338511667618359, 0.070741256296544375, 0.085826343344992284, 0.03340844642188967, 0.0027000829788448311, 0.004338462292168721, 0.084521782275213675, 0.022515610066936143, 0.046411722971872904, 0.13282715316050009, 0.070287810396277073, 0.039990906543934224, 0.10314637592929676, 0.078133737750743726, 0.022055552401544332, 0.019659720835971117, 0.049349353150253572, 0.021357733132051138, 0.04785116219414276, 0.064578106903664056, 0.032524879199650081, 0.063971497985707115, 0.047409369397910739, 0.034466044971781296, 0.036371623730131031, 0.1051276286631786]
Starting iteration 3
[829, 454, 286, 721, 779, 426, 1339, 692, 386, 586, 1871, 942, 637, 805, 423, 270, 425, 542, 461, 355, 756, 485, 464, 387, 470, 455, 1084, 851, 761, 629, 629, 641]
diff = [0.0069473772087378372, 0.015345164482307938, 0.0087733982900470853, 0.0020425780070854049, 0.010671884416605493, 0.0033600109157118085, 0.0024099791618539257, 0.021320386610784281, 0.014646353082557906, 0.015038230769112926, 0.0043912573367417274, 0.0016266355726755055, 0.015672010091483224, 0.0079923269979675915, 0.015875759817825519, 0.053010076677259432, 0.053092420727763989, 0.0033996654416673655, 0.020924509301106342, 0.0048292576405227772, 0.0064166969299987997, 0.0080222001093250839, 0.012145052327328321, 0.0098376564361881691, 0.03763294036303455, 0.012402096418126618, 0.010279113407342111, 0.0033153268791478174, 0.030681553049316412, 0.039655700216111867, 0.0027848024121394088, 0.039873739622339088]
Starting iteration 4
[787, 464, 269, 732, 849, 438, 1332, 684, 376, 502, 1848, 947, 645, 738, 401, 200, 463, 565, 451, 343, 727, 425, 436, 416, 760, 469, 1136, 856, 851, 581, 621, 529]
diff = [0.0011010516172276219, 0.0087788002045818825, 0.0043871921622661292, 0.00034046267181375711, 0.0063731555666711737, 0.00070628904133063219, 0.0031356219411198261, 0.0085982401058346536, 0.00094535796208672362, 0.0054406120425616322, 0.0011154479318692401, 0.00045529710172131921, 0.0034563943449805734, 0.0053081271067701996, 0.0077747581612723771, 0.03924716884146473, 0.015465530005083883, 0.0028042590408396961, 0.0044431765333837747, 0.00084716249013139233, 0.0011143106078724818, 0.015567708686651582, 0.003695764228602072, 0.0039365757213749575, 0.022286072992673489, 0.0019068675295932369, 0.0059583986057585303, 0.00041119651094023713, 0.010479275247888054, 0.014645361997732365, 0.00051662592340384617, 0.017068760063132848]
Starting iteration 5
[758, 461, 265, 731, 875, 439, 1326, 672, 374, 467, 1839, 939, 641, 689, 380, 185, 548, 587, 449, 335, 703, 410, 429, 435, 853, 482, 1175, 838, 893, 550, 621, 492]
diff = [0.00033999856958655261, 0.0020307453877709269, 0.001324303029628271, 0.00015023378318335112, 0.0031173903653474166, 9.5568335828466466e-05, 0.0024282635481327475, 0.00081918969249339391, 0.00053438381120018974, 0.001455733160259598, 9.8374799527789492e-05, 0.00012633503817760516, 0.00074532659118964339, 0.0016722947558622803, 0.010382583503547593, 0.016898466330113493, 0.0063397709425477844, 0.00084488763760104391, 0.0015832489525997584, 0.00069739178550343173, 0.00083751836441625649, 0.0028995605142596581, 0.00101926256641105, 0.0017503702804655408, 0.0095202544654192645, 0.00045491876343228821, 0.0057964753546979608, 8.6514543107263364e-05, 0.0044359310407428021, 0.0073960097220142629, 0.00013471556013922026, 0.0024698882752235418]
Starting iteration 6
[735, 466, 276, 733, 868, 438, 1320, 672, 372, 457, 1843, 932, 647, 666, 367, 214, 565, 588, 444, 326, 692, 401, 430, 428, 899, 487, 1191, 814, 920, 539, 625, 486]
diff = [0.00017539814991684999, 0.00027252148020440181, 0.0016088522267087013, 0.00010859144135422216, 0.00066219997657090968, 7.8950895723961523e-05, 0.00061406626460636105, 1.1305928833249546e-05, 0.00028385905874273032, 0.00020275746834053088, 2.162118758031184e-06, 6.9256474050205519e-05, 0.00031751461419560201, 0.00019360740459029024, 0.0085217662530028271, 0.0034450945679230793, 0.0015081048850386081, 0.00074991415998193478, 0.00080839869608784198, 0.00035922859458215051, 0.00047010637274269573, 0.0016477825782488242, 0.00024813469645590391, 0.0020010141923437752, 0.0012479851548187204, 0.00026428376599763048, 0.0030938746959017216, 0.00011733195521135276, 0.0029378870941317858, 0.0042111968843480119, 0.00015157523972686437, 0.00035864011874719992]
Starting iteration 7
[727, 473, 277, 733, 859, 441, 1333, 671, 374, 456, 1848, 930, 656, 656, 355, 234, 551, 593, 436, 316, 679, 406, 427, 438, 913, 497, 1197, 785, 928, 551, 623, 478]
diff = [5.8660087394302174e-05, 9.6392175516601952e-05, 0.00020530838435228738, 5.1293635313975905e-05, 0.00013379450216954858, 0.00010858999489082866, 0.00013606812072486374, 1.0224835376160257e-06, 0.00020715062205101109, 9.0655654016003062e-05, 1.959759204694933e-06, 0.00010469867494566909, 0.00027432538432436981, 7.0234433285354392e-05, 0.0046871649038654484, 0.0037561090561454291, 0.00083072133569439544, 0.00047714085790484528, 0.00064468766324088378, 0.0015308593798653014, 0.00029092154392784675, 0.0013113427584625637, 0.00033469763247850892, 0.003638419838228546, 0.00026374340698931409, 0.00035085965838144162, 0.001089144497599337, 0.00028622161138791569, 0.0013674816477280416, 0.0040062337313658825, 9.2422276146586491e-05, 0.00053184810167128393]
Starting iteration 8
[726, 476, 275, 735, 853, 440, 1328, 672, 380, 466, 1848, 920, 662, 655, 343, 271, 547, 586, 432, 287, 668, 397, 421, 428, 921, 500, 1205, 774, 960, 569, 623, 473]
diff = [1.1852402178380572e-05, 0.00013252946038988522, 0.00041106510439159472, 5.2067378165321365e-05, 9.6403426903535205e-05, 3.9390810659845066e-05, 3.5682552423921265e-05, 1.4778591100883531e-06, 0.00019556423286348767, 0.00015190480116766825, 9.189165629530649e-07, 0.00038409036782960371, 0.00013297822512114976, 3.0948982363887545e-05, 0.0047697003468912813, 0.011599696137564508, 6.8193885192524561e-05, 0.00036757680325849584, 0.00020520472324214722, 0.0050670406276851487, 0.00071753014189257502, 0.00065995724822309754, 0.00016508032177253718, 0.0013760585352594612, 0.0001196353786805382, 9.8553073166751659e-05, 0.00086444867648838297, 8.0253072428093652e-05, 0.0020987769307159176, 0.0088209931277931641, 5.0189882162765542e-05, 0.00014546372183854572]
Starting iteration 9
[728, 488, 273, 733, 852, 441, 1320, 672, 386, 471, 1849, 908, 662, 650, 326, 324, 546, 579, 428, 254, 647, 393, 414, 418, 931, 502, 1213, 764, 1007, 577, 616, 469]
diff = [3.0102689632771629e-05, 0.00034488402742294255, 4.8921522499800751e-05, 4.3444570042128206e-05, 4.7110751425494257e-05, 2.9569153502939649e-05, 6.0904674649364665e-05, 0.0, 0.00025171145339719647, 0.00014608586964626191, 1.5543339559886959e-07, 0.00032364304172705083, 0.00010053183906733043, 0.00011708103227880962, 0.0075494083235064791, 0.0113913974437716, 2.5776391792908804e-05, 0.00020689852125166386, 4.568750515299147e-05, 0.0076791702519771743, 0.001168437264148392, 0.00022264329087240409, 9.500933449868576e-05, 0.00084595471942450207, 3.6367547166293868e-05, 3.7894733998067309e-05, 0.00058499379951304498, 0.0001695177281989535, 0.0023885952504199004, 0.011252471901236683, 0.00010774077694075679, 5.3134489141459795e-05]
Starting iteration 10
[725, 503, 273, 733, 847, 440, 1317, 671, 396, 472, 1849, 906, 657, 647, 335, 364, 545, 572, 430, 253, 623, 394, 414, 418, 938, 500, 1210, 752, 1029, 544, 616, 468]
diff = [3.1087289677600438e-05, 0.0005378334920593808, 1.4080067628152726e-05, 2.5140409400714603e-05, 3.051637295481413e-05, 6.4470162537078046e-05, 3.0090545991123818e-05, 1.0096277371918205e-06, 0.00048926218336087235, 5.7821170442506897e-05, 2.2204460492503131e-16, 0.00012212095080554874, 0.00014601181151330245, 0.00010854890723854815, 0.015858813469100341, 0.0027044992005640367, 3.3583696138705932e-05, 0.00014419838446522171, 7.937569606419892e-05, 0.00028278720869323593, 0.0023289342570890215, 9.6443529725820376e-05, 6.3214901659502942e-05, 0.0004439361680934617, 5.2353666987525749e-05, 2.3037127034331029e-05, 0.00077086937067261108, 0.00027177854442883564, 0.0022411861897559948, 0.0089380481680413348, 6.5074682814691975e-05, 3.8702331267459478e-05]
Starting iteration 11
[723, 521, 275, 733, 844, 439, 1315, 671, 412, 466, 1850, 895, 653, 647, 350, 381, 547, 574, 431, 254, 616, 394, 411, 413, 938, 498, 1205, 751, 1038, 518, 613, 465]
diff = [3.9750174191111043e-05, 0.0008568100076594698, 1.1326186268978411e-05, 3.4401298597885877e-05, 9.1583755764679253e-06, 4.679304525267991e-05, 2.2661489701092385e-05, 0.0, 0.00072285865206145328, 0.0001776319749453581, 7.3625041641101063e-07, 0.00026919929281377097, 6.0533388319350401e-05, 0.00012689346739758189, 0.014315498906977808, 0.00064047015194401702, 2.4660485805960697e-05, 4.329190878060718e-05, 0.00010700963428833532, 2.2551572932072439e-05, 0.0010428757947328338, 5.3554398869004594e-05, 0.00014142085170298913, 0.00074162224808460575, 5.267152239962769e-05, 1.5659249685717747e-05, 0.00048367620737022055, 9.9492736643447266e-05, 0.001713529394466673, 0.0063815287518651509, 1.9701645886049945e-05, 8.4531295542644713e-05]
Starting iteration 12
[721, 533, 275, 737, 843, 442, 1322, 670, 428, 460, 1849, 867, 650, 642, 365, 391, 548, 570, 428, 255, 617, 394, 407, 419, 941, 499, 1212, 750, 1029, 505, 612, 460]
diff = [1.8756595138169629e-05, 0.00039814501176727024, 3.2243384765262562e-05, 2.6238015020441097e-05, 3.2136487947420633e-06, 1.8554888344790577e-05, 2.0902554683677188e-05, 5.2229852620655493e-07, 0.00071871995418082424, 0.00020340037196420191, 3.5002212106505226e-07, 0.00059220449564001409, 5.1327525684152775e-05, 6.188313881261287e-05, 0.0087799866523222692, 0.00010866228700534553, 2.0532274801476902e-06, 3.520264573042553e-05, 0.00014213221617298544, 8.6913064214599878e-05, 0.00045337912910958789, 2.2204460492503131e-16, 9.6653521119316466e-05, 0.00053805157166686435, 5.353027395416099e-05, 1.3319313604820415e-05, 0.00044251910853720933, 1.3699318800131088e-05, 0.0009212614054652235, 0.0075617011139875734, 2.2873190300365387e-05, 0.0002189331562556518]
Starting iteration 13
[720, 538, 278, 740, 841, 442, 1328, 671, 444, 460, 1847, 830, 649, 642, 385, 396, 546, 566, 426, 255, 622, 394, 407, 422, 948, 500, 1218, 748, 1016, 495, 612, 455]
diff = [1.0893055709226829e-05, 0.00012214228025220208, 3.963580914401188e-05, 2.1064681492322102e-05, 1.0940651309021554e-05, 1.1102230246251565e-16, 2.413820026214708e-05, 5.9948690511735236e-07, 0.0017407241294774556, 4.8416981002219472e-05, 3.6621467269792873e-07, 0.0010603852997111973, 3.3667515820567928e-05, 7.6476496499999769e-06, 0.0028090896032872958, 0.00015035925967443742, 2.3357529627787699e-05, 8.2787657297744843e-05, 0.00016282472999995523, 0.00010958706228292314, 0.00016427122179640818, 2.2204460492503131e-16, 0.0, 0.00065181474053710442, 2.5702381002523644e-05, 2.2670307055494554e-05, 0.00037942903158505459, 2.0697561413762777e-05, 0.00039712661069979394, 0.0087184694444779609, 4.3144303844000476e-06, 0.00053054178529277074]
Starting iteration 14
[721, 544, 277, 742, 841, 443, 1331, 671, 465, 458, 1847, 821, 649, 643, 418, 401, 545, 559, 426, 256, 619, 395, 405, 426, 942, 499, 1207, 748, 1010, 465, 612, 455]
diff = [7.2676138718197336e-06, 7.1657951724035662e-05, 3.6746239483131937e-05, 7.0657699294818244e-06, 0.0, 7.9993411874479392e-06, 1.4479067726003159e-05, 0.0, 0.001849959173077842, 2.2646597595210594e-05, 0.0, 0.00017255036406749191, 3.7684298815898742e-05, 1.110570461015925e-05, 0.0039841159573066331, 7.0653171343471044e-05, 7.4491152404210226e-06, 8.4838927139951892e-05, 5.0374647660667016e-05, 2.1175612377244413e-05, 6.6947054946919771e-05, 6.8320444827074667e-06, 1.5065286487314644e-05, 0.00043088400199964294, 2.2672108251242662e-05, 1.5270525177579763e-05, 0.00073039662304141828, 7.0418084134771242e-05, 0.00011730183811342609, 0.0033949560900938813, 0.0, 8.6515564949318779e-05]
Starting iteration 15
[719, 543, 275, 742, 839, 445, 1330, 672, 490, 457, 1847, 825, 651, 640, 455, 402, 545, 556, 425, 258, 617, 395, 406, 429, 930, 499, 1181, 746, 996, 458, 612, 456]
diff = [5.4841016617901417e-06, 2.2156549741580989e-06, 1.4906210641596473e-05, 1.055173679653798e-06, 9.6724978165818598e-06, 3.8435271422443407e-05, 3.7937306544000293e-06, 9.89601495748893e-07, 0.0030157534909102113, 4.9036876650365713e-06, 0.0, 1.291181879059522e-05, 3.2030337818733656e-06, 2.1037555245739803e-05, 0.0046249849271313703, 2.290305811891713e-05, -2.2204460492503131e-16, 9.447675353635443e-05, 6.7657313372881944e-06, 0.00013344371817780587, 3.9376757178466448e-05, 0.0, 4.8564550901852854e-06, 0.0003974065506757718, 3.0119020832608534e-05, 0.0, 0.00069727695446408777, 3.3780003848682405e-05, 0.00017951910858304831, 0.00015258454771294172, 0.0, 2.2639529000834102e-05]
Starting iteration 16
[718, 542, 275, 746, 840, 445, 1326, 673, 513, 455, 1851, 827, 655, 637, 482, 403, 544, 553, 424, 259, 617, 396, 405, 431, 923, 499, 1142, 746, 988, 457, 611, 458]
diff = [1.1499261359126933e-05, 5.1349125362087911e-05, 0.0, 2.6695041754565274e-05, 5.3946448281827486e-06, -2.2204460492503131e-16, 1.0499216782089427e-05, 8.3325211741591687e-07, 0.0036706570672035976, 3.5276044427767772e-06, 6.3116487603043225e-07, 2.5193217431107584e-06, 7.4023873165574017e-06, 9.8334674866196181e-06, 0.0034425817490401078, 4.7580920783385494e-06, 8.9238000848812504e-06, 6.7343639531869393e-05, 1.0681479316709819e-05, 3.7078066858486913e-05, 4.1958026090527234e-05, 3.1493889496969629e-05, 4.8135363405199527e-06, 7.4263886864933681e-05, 2.3215500562279168e-05, 0.0, 0.00089808588568363046, 5.8694068743037064e-06, 6.0038766101500052e-05, 3.5955757873407101e-05, 6.0882593903022197e-06, 8.3160862621944887e-05]
Starting iteration 17
[713, 544, 274, 744, 842, 445, 1326, 676, 531, 456, 1852, 827, 656, 635, 514, 406, 544, 552, 424, 262, 615, 393, 405, 434, 918, 498, 1105, 745, 981, 456, 611, 457]
diff = [2.7730941099646245e-05, 5.3777095160301158e-06, 7.4823645601629352e-06, 1.7091736405072666e-06, 4.2085290780757845e-05, -2.2204460492503131e-16, 4.1045169614228882e-06, 2.6595984142785412e-06, 0.0037388621496088348, 3.4523378672490779e-06, 4.7091854304959213e-08, 0.0, 1.5006276335993718e-06, 4.3081726245897123e-05, 0.0027687174364073863, 3.9738556225743515e-05, -2.2204460492503131e-16, 3.963616677427062e-05, 0.0, 6.5028179213610926e-05, 3.3375930340251436e-05, 4.4508046308178173e-05, 0.0, 0.00013166946010501057, 4.7178781549694904e-05, 6.7101549261483484e-06, 0.00071616837353405405, 1.5482563863189469e-05, 9.77092649780964e-05, 1.3775408229443897e-05, 5.6557130481138529e-06, 0.00011354349389303131]
Starting iteration 18
[711, 544, 273, 746, 852, 445, 1320, 677, 534, 456, 1854, 827, 655, 632, 557, 409, 545, 553, 424, 267, 612, 393, 406, 433, 909, 498, 1066, 747, 972, 456, 612, 456]
diff = [3.3841891731167806e-05, 0.0, 4.3455565598149448e-06, 7.1209482649381428e-06, 0.00011519256766490127, -2.2204460492503131e-16, 1.1861664055645704e-05, 5.3447213466117915e-07, 0.0034262983070048048, 5.6475211285267335e-06, 2.5604065490014705e-07, 0.0, 2.8369845587516984e-05, 3.6498830930264958e-05, 0.0032834057425891183, 3.2491803263479113e-05, 1.3444599193945805e-06, 4.4433981072566908e-05, 0.0, 0.00017866091125162686, 4.8113450066167296e-05, 2.0490261636862961e-05, 5.5945440123883472e-06, 0.00016674644471792455, 7.8528099810015739e-05, 1.1102230246251565e-16, 0.00068075474421369631, 8.4402960947027594e-06, 5.8587245940877608e-05, 2.2204460492503131e-16, 2.0703694119106331e-06, 4.2620444505425681e-05]
Starting iteration 19
[710, 544, 272, 745, 862, 445, 1313, 678, 538, 456, 1857, 827, 654, 632, 579, 412, 545, 554, 424, 270, 611, 391, 406, 434, 906, 498, 1036, 747, 968, 456, 616, 455]
diff = [1.4379231920713664e-06, 0.0, 5.4923257026828765e-06, 3.1756069058808123e-06, 0.00022561238615159684, 2.0180653328649711e-05, 1.3045747719320211e-05, 7.2750055080117448e-07, 0.0045573719306620797, 0.0, 3.7803498742494668e-07, 4.9461992193133852e-06, 2.7841071628120773e-06, 0.0, 0.0015544618174929692, 1.5505091536471838e-05, 1.1102230246251565e-16, 4.0173753911298959e-06, 0.0, 6.8379334683954518e-05, 2.4352173142450084e-05, 4.582874911140955e-05, 0.0, 7.0623468508834719e-06, 4.4640582985921995e-05, 1.1102230246251565e-16, 0.00060625253148471892, 7.7829277556062948e-06, 5.1226649477986719e-05, 2.2204460492503131e-16, 1.6971588986947062e-05, 7.0963977458093908e-05]
Starting iteration 20
[710, 543, 272, 747, 885, 446, 1311, 678, 521, 456, 1857, 828, 656, 635, 611, 412, 546, 553, 423, 271, 611, 393, 405, 434, 897, 497, 1005, 747, 968, 454, 616, 453]
diff = [1.2720834419055471e-05, 2.2965092508764329e-06, 1.2895668554113726e-05, 2.564412546757211e-06, 0.00081910074798741128, 1.5393000307728499e-06, 8.7884455219899849e-06, 0.0, 0.0095045456703369835, 0.0, -2.2204460492503131e-16, 7.3613686890627861e-07, 5.5875897698731691e-06, 1.2155614544151483e-05, 0.0019256084651655403, 7.5917821342752489e-06, 2.9246009005667872e-06, 5.9563795189454538e-06, 3.6755184838588306e-05, 7.0958972610668525e-05, 2.2204460492503131e-16, 0.00012176926196072468, 9.9074054094039354e-07, 2.5455425073039883e-05, 6.1612519868470272e-05, 3.9016824321391752e-06, 0.0010819164718274266, 1.0128047999491407e-05, 6.2687405549488595e-05, 1.9345013664961996e-05, -2.2204460492503131e-16, 0.00016207942376644802]
Starting iteration 21
[710, 545, 271, 743, 905, 446, 1306, 680, 511, 456, 1858, 828, 658, 634, 653, 411, 548, 553, 423, 272, 611, 395, 405, 438, 885, 496, 967, 751, 967, 452, 616, 447]
diff = [3.9930003666865943e-06, 1.1210580026066452e-05, 1.2301863886343689e-05, 7.6399280926064961e-06, 0.00081271187110065757, 1.1102230246251565e-16, 1.1464987488718492e-05, 3.6038729503973244e-06, 0.0090943639050683478, 0.0, 1.146500576698628e-07, 2.1328914506790753e-06, 1.8038281647037024e-05, 3.9124922164290865e-06, 0.0021550985250953225, 5.7726228678278702e-06, 8.1739364685695648e-06, 1.1843491137253359e-05, 0.0, 1.6727446914499566e-05, 2.2204460492503131e-16, 2.2155722351979712e-05, 0.0, 0.00015614516088002794, 9.6593615323437021e-05, 2.2412335571875275e-06, 0.0010578801649572256, 4.347020885331343e-05, 9.4018035057041871e-05, 5.706900688728922e-05, -2.2204460492503131e-16, 0.00025372890569563822]
Starting iteration 22
[706, 544, 270, 742, 922, 446, 1301, 680, 487, 455, 1857, 831, 657, 633, 698, 410, 550, 553, 423, 272, 612, 399, 405, 435, 878, 497, 947, 752, 965, 450, 617, 447]
diff = [1.2849169823025974e-05, 5.3819379999264783e-06, 5.6865538694550466e-06, 9.5316884607399288e-07, 0.00045317034728775685, 1.1102230246251565e-16, 7.4986614426730824e-06, 0.0, 0.0048292453384339851, 3.4541309961166888e-06, 1.1421072620976247e-07, 1.4086427592485684e-05, 1.5692185916238444e-06, 2.8798556209075343e-05, 0.0012484761143710665, 1.7476824696216475e-05, 1.1808530921753047e-05, 2.2204460492503131e-16, 2.574948964939594e-05, 4.3317115024588126e-05, 2.9316923656486082e-06, 4.6217938395876068e-05, 0.0, 8.3213086838784811e-05, 4.1338548871339142e-05, 1.7681082172815721e-06, 0.0004739701901879112, 3.3479836992200696e-05, 6.2317456745564215e-05, 2.285784093836174e-05, 2.0609596581566691e-06, 5.985806434216645e-05]
Starting iteration 23
[705, 544, 270, 742, 919, 446, 1302, 680, 473, 455, 1857, 834, 658, 631, 722, 412, 550, 552, 426, 272, 612, 401, 405, 436, 870, 497, 939, 750, 961, 450, 619, 451]
diff = [1.4607498345697856e-05, 0.0, 1.1102230246251565e-16, 2.5968627788142129e-06, 2.6477829733306812e-05, 1.1102230246251565e-16, 2.9658837157331419e-06, 0.0, 0.0014604697968043645, 0.0, 1.1102230246251565e-16, 4.4094519041637525e-06, 6.6425776050760277e-06, 4.5945713001982469e-06, 0.00056344682103226518, 6.6548072599204033e-06, 1.1102230246251565e-16, 4.1222492783710152e-06, 2.2520273565640458e-05, 3.1715473757909507e-05, -2.2204460492503131e-16, 4.1841115232643666e-05, 0.0, 5.14965422132585e-05, 2.3998769639987927e-05, 9.5844496181829442e-06, 0.00029697040303444666, 3.3659001496322283e-05, 2.9269580520852045e-05, 1.0709861862245873e-05, 3.3793382460123311e-06, 0.00012383958497375058]
Starting iteration 24
[705, 545, 268, 742, 916, 446, 1304, 680, 457, 455, 1857, 837, 657, 630, 750, 412, 550, 550, 426, 273, 611, 403, 406, 440, 864, 496, 931, 751, 956, 450, 619, 454]
diff = [3.9251126655592827e-06, 9.5148179564130686e-06, 1.9745672894866395e-05, 0.0, 1.2933175019935739e-05, 1.1102230246251565e-16, 4.6121051382463918e-06, 0.0, 0.00092293411304122941, 0.0, 1.1102230246251565e-16, 7.5188130657100061e-06, 7.8367192966055654e-06, 1.711638176526975e-06, 0.00052072446998208122, -2.2204460492503131e-16, 1.1102230246251565e-16, 2.2967266729012614e-05, 1.1102230246251565e-16, 4.6976893189443203e-05, 6.1921255958274912e-06, 1.7886693340796178e-05, 9.9074054094039354e-07, 0.00028425738857906779, 2.5548643966644136e-05, 9.4366740881479672e-06, 0.00029206093910327802, 2.0716202137949224e-05, 0.00015945522436522364, 0.0, -2.2204460492503131e-16, 4.6397158285138573e-05]
Starting iteration 25
[705, 545, 269, 741, 916, 444, 1307, 680, 438, 455, 1857, 838, 655, 629, 769, 411, 549, 557, 427, 273, 610, 403, 406, 444, 862, 496, 932, 753, 943, 450, 619, 458]
diff = [7.8318218560413655e-06, 0.0, 1.082443545163958e-05, 1.1864964609697992e-06, 5.5083925731835848e-06, 1.4531392295902279e-05, 2.7846421721822168e-06, 0.0, 0.00066268016150172748, 0.0, 1.1102230246251565e-16, 4.2768835365469826e-06, 1.6643787120629305e-05, 5.00726371488458e-06, 0.00020130841035859159, 2.4315844530109487e-06, 1.5907297630790573e-05, 0.00010545487757451788, 7.1845938327541603e-06, 2.2204460492503131e-16, 1.9891128882010278e-05, 2.2204460492503131e-16, 0.0, 0.00010535705982672727, 1.2538864270328354e-05, 0.0, 0.00024542311653474869, 1.4225183868732394e-05, 0.0003117336278896099, 6.6007601982054354e-06, -2.2204460492503131e-16, 8.3642301178632472e-05]
Starting iteration 26
[705, 546, 269, 740, 915, 443, 1306, 679, 431, 455, 1857, 838, 654, 628, 786, 411, 549, 556, 427, 274, 610, 403, 406, 449, 859, 496, 927, 758, 940, 449, 619, 456]
diff = [0.0, 2.1397715780357984e-06, 0.0, 7.6240060520316177e-07, 1.5863358313605858e-06, 3.2996751332392549e-06, 1.3268024628976249e-06, 3.7741428479121097e-06, 0.00043423005472020826, 0.0, 1.1102230246251565e-16, 0.0, 2.3975208086612909e-06, 3.0129551019664191e-06, 0.00058586182928721531, 0.0, -2.2204460492503131e-16, 2.9062564436133087e-06, 1.1233070467797646e-05, 2.7260787356708782e-05, 0.0, 2.2204460492503131e-16, 0.0, 0.00013198563524452478, 3.1260590308113123e-05, 0.0, 0.00017675728425181614, 2.8547059172989719e-05, 6.8984182070574995e-05, 2.5561922029959661e-05, -2.2204460492503131e-16, 2.9389901924359307e-05]
Starting iteration 27
[705, 546, 269, 740, 915, 443, 1309, 679, 425, 454, 1857, 839, 654, 629, 797, 411, 549, 557, 428, 274, 611, 404, 406, 450, 856, 496, 919, 759, 935, 449, 620, 456]
diff = [6.1504918941190923e-06, -2.2204460492503131e-16, 0.0, 0.0, 1.1102230246251565e-16, 0.0, 4.818232677838985e-06, -2.2204460492503131e-16, 0.00014238092684004666, 2.1282209402562202e-06, 1.1102230246251565e-16, 2.8770156240698341e-06, 1.3346761455590439e-05, 4.3710599882951229e-06, 0.00027309186271351482, 0.0, -2.2204460492503131e-16, 2.1163735607121481e-05, 6.3604905001457546e-05, 0.0, 6.6553410273950675e-06, 1.7043653904869061e-05, 0.0, 4.7602688548531447e-05, 2.369282918468496e-05, 0.0, 0.00013694944484365923, 2.1572427855387488e-05, 0.00010884096306029711, -2.2204460492503131e-16, 2.5176032598661635e-06, 0.0]
Starting iteration 28
[705, 546, 269, 739, 916, 443, 1309, 680, 418, 454, 1857, 841, 653, 630, 813, 411, 549, 557, 430, 274, 611, 405, 406, 451, 852, 496, 907, 761, 933, 449, 620, 456]
diff = [0.0, -2.2204460492503131e-16, 0.0, 1.0982299147199726e-05, 2.7112706195708824e-06, 0.0, 4.6020722944684067e-06, 6.7587469609886597e-07, 0.00029159038178572239, 0.0, 1.1102230246251565e-16, 3.6597036807695105e-06, 4.7722042092468442e-06, 2.8343698755817215e-06, 0.00038984789943807829, 0.0, -2.2204460492503131e-16, 8.1387546093658614e-06, 3.1070203463934298e-05, 0.0, 0.0, 2.6813406443393362e-05, 0.0, 4.3027394063033242e-05, 2.0054331153596117e-05, 0.0, 0.00021500215636505171, 1.7468094792638666e-05, 8.8817747258107538e-05, -2.2204460492503131e-16, 1.1102230246251565e-16, 0.0]
Starting iteration 29
[705, 546, 269, 739, 916, 443, 1306, 680, 417, 453, 1857, 841, 652, 628, 832, 412, 550, 555, 430, 274, 611, 403, 406, 453, 851, 496, 901, 764, 927, 449, 618, 457]
diff = [0.0, -2.2204460492503131e-16, 0.0, 0.0, -2.2204460492503131e-16, 0.0, 5.6736502549448176e-06, 0.0, 6.9635539615031661e-05, 2.1246051087331352e-06, 1.1102230246251565e-16, 1.1102230246251565e-16, 1.9357417383458753e-06, 9.75671000225109e-06, 0.0004193796414080353, 4.9243598819193046e-05, 7.4451973115507997e-06, 2.5691601024169231e-05, -2.2204460492503131e-16, 0.0, 0.0, 8.8281323133876377e-05, 0.0, 5.0428223435705632e-05, 2.5340429866349545e-05, 0.0, 0.00016329329284547889, 1.4293112388097384e-05, 5.984772458456078e-05, 1.2388439497579284e-05, 8.6230512356122446e-06, 9.5375431621302909e-06]
Starting iteration 30
[702, 545, 269, 739, 916, 443, 1301, 680, 418, 453, 1857, 841, 652, 626, 854, 414, 549, 554, 430, 274, 611, 403, 406, 454, 845, 496, 895, 765, 923, 449, 619, 458]
diff = [1.2063807346085476e-05, 1.0032083229805089e-05, 0.0, 0.0, -2.2204460492503131e-16, 0.0, 4.7844210022685019e-06, 0.0, 0.00010588909107611677, 0.0, 1.1102230246251565e-16, 3.3229548256352714e-06, -2.2204460492503131e-16, 2.5753818440943377e-05, 0.00025643303600764167, 4.1815459532523747e-05, 3.1416183555732502e-06, 1.805089006889915e-05, -2.2204460492503131e-16, 0.0, 0.0, -2.2204460492503131e-16, 0.0, 5.54392316631791e-05, 2.2331831608934927e-05, 0.0, 0.0001033610748431002, 2.223878362039855e-05, 4.6807988013708446e-05, -2.2204460492503131e-16, 1.4987690665213549e-06, 4.3203674528702329e-05]
Starting iteration 31
[703, 545, 269, 739, 916, 443, 1302, 680, 418, 453, 1857, 841, 650, 626, 870, 415, 549, 555, 430, 274, 610, 404, 406, 452, 842, 494, 883, 769, 923, 448, 618, 457]
diff = [5.5689721365492773e-06, 2.2204460492503131e-16, 0.0, 0.0, -2.2204460492503131e-16, 0.0, 1.5081992242871323e-06, 0.0, 0.00010075097953898826, 0.0, 1.1102230246251565e-16, 3.9462875314200119e-06, 8.9252179240606466e-06, 1.1102230246251565e-16, 0.00021360617168053597, 3.4352078362998029e-05, 0.0, 6.1268722708618384e-06, -2.2204460492503131e-16, 0.0, 1.7013347952676838e-06, 1.5924762417185434e-05, 0.0, 1.5689149074127329e-05, 2.4068541030430879e-05, 1.4063991629287287e-05, 0.00010436770732236145, 9.8156567920337778e-06, 2.10552761603644e-05, 2.4631407453679088e-06, 1.3961680385032871e-05, 1.0098426880267297e-05]
Starting iteration 32
[703, 543, 268, 739, 915, 444, 1301, 680, 415, 453, 1857, 841, 649, 627, 882, 417, 548, 554, 430, 274, 610, 404, 406, 451, 841, 493, 880, 771, 923, 448, 618, 456]
diff = [5.2347251171536158e-06, 1.0329159116695408e-05, 9.0126736860263179e-06, 0.0, 5.3066488355790753e-06, 1.7309829341671801e-05, 1.1564084647641693e-06, 0.0, 3.0624733918682701e-05, 0.0, 1.1102230246251565e-16, 0.0, 1.9685537309133139e-06, 2.1304434436597575e-06, 0.00024734124684322456, 2.3206678366527456e-05, 7.7310862052204499e-06, 1.4645167675131354e-05, -2.2204460492503131e-16, 0.0, 2.2204460492503131e-16, 0.0, 0.0, 2.5461120516934166e-05, 1.2715179060429627e-05, 6.863754980934722e-06, 8.7200625539907151e-05, 4.7781121543799543e-06, 0.0, 2.2204460492503131e-16, 1.1102230246251565e-16, 1.3375095463175057e-05]
Starting iteration 33
[701, 543, 269, 739, 916, 446, 1296, 680, 414, 451, 1857, 841, 650, 628, 897, 416, 548, 551, 431, 274, 610, 404, 406, 450, 840, 492, 875, 771, 923, 448, 618, 456]
diff = [6.1752643777390759e-06, 2.2204460492503131e-16, 7.5291831678203636e-06, 0.0, 2.8649168355432408e-06, 3.4592883342066116e-05, 6.8522370680890177e-06, 0.0, 5.8115994951979388e-05, 9.4010846507508461e-06, 1.1102230246251565e-16, 0.0, 2.3250417753306607e-06, 2.2344911302374371e-06, 0.00030415282489559825, 3.9581879561767508e-06, 0.0, 4.9613890897193258e-05, 3.1685095117972573e-05, 0.0, 2.2204460492503131e-16, 0.0, 0.0, 7.1205711566602048e-05, 7.2474837986558072e-06, 4.9050426585983686e-06, 0.00012601574154780248, 1.4185706388669672e-05, 0.0, 2.2204460492503131e-16, 6.1979232354181235e-06, -2.2204460492503131e-16]
Starting iteration 34
[700, 542, 269, 739, 916, 444, 1295, 681, 412, 451, 1857, 841, 650, 629, 911, 416, 548, 552, 431, 274, 609, 404, 406, 453, 839, 491, 870, 769, 920, 448, 618, 456]
diff = [1.2780544109913805e-05, 9.952686133907207e-06, 0.0, 0.0, -2.2204460492503131e-16, 3.1469898194802504e-05, 1.1928081855572259e-07, 1.2254532868460899e-06, 0.00012054586050258553, 0.0, 1.1102230246251565e-16, 0.0, 0.0, 4.3058578208521325e-06, 0.00015032078812038385, 2.2204460492503131e-16, 0.0, 9.6544600548531534e-06, 0.0, 0.0, 5.0255320996894781e-06, 0.0, 0.0, 6.8103103484484784e-05, 1.4564861161581177e-05, 7.2939874005140126e-06, 0.00012454047223142695, 4.8958061695802968e-06, 2.1022278966831287e-05, 2.2204460492503131e-16, 1.1102230246251565e-16, -2.2204460492503131e-16]
Starting iteration 35
[698, 543, 269, 739, 916, 444, 1295, 681, 412, 451, 1857, 840, 651, 630, 918, 415, 547, 551, 431, 274, 609, 404, 406, 452, 841, 492, 863, 770, 919, 449, 618, 456]
diff = [3.445422101289175e-06, 3.3481562041748347e-06, 0.0, 0.0, -2.2204460492503131e-16, -2.2204460492503131e-16, 2.2204460492503131e-16, 2.2204460492503131e-16, 0.0, 0.0, 1.1102230246251565e-16, 1.2747407405200306e-06, 3.3147976836733761e-06, 3.9022407583022556e-07, 2.330168938224908e-05, 2.9961471200712353e-06, 3.6328931383167173e-06, 1.2567091828175059e-05, 0.0, 0.0, 0.0, 0.0, 0.0, 4.0260799966107541e-06, 2.679532669525031e-06, 5.4225791352724428e-06, 6.142978555201406e-05, 5.8974775865028306e-06, 5.7690768628937406e-07, 1.3227775417234966e-06, 1.1102230246251565e-16, -2.2204460492503131e-16]
Starting iteration 36
[698, 543, 269, 739, 916, 444, 1296, 681, 412, 450, 1857, 840, 651, 630, 921, 415, 547, 551, 431, 274, 609, 404, 406, 452, 841, 492, 857, 771, 920, 449, 618, 457]
diff = [0.0, 0.0, 0.0, 0.0, -2.2204460492503131e-16, -2.2204460492503131e-16, 6.7765978661871173e-07, 2.2204460492503131e-16, 0.0, 2.525584677504078e-06, 1.1102230246251565e-16, 1.1102230246251565e-16, 0.0, 1.1102230246251565e-16, 3.4872237685723562e-05, 0.0, 1.1102230246251565e-16, 2.2204460492503131e-16, 0.0, 0.0, 0.0, 0.0, 0.0, 0.0, 6.434309072766986e-06, 1.1102230246251565e-16, 3.6300515438569825e-05, 1.5434303901606938e-06, 2.7510164090083222e-06, 2.2204460492503131e-16, 1.1102230246251565e-16, 1.9079510530040089e-05]
Starting iteration 37
[698, 543, 269, 738, 916, 444, 1296, 681, 413, 449, 1857, 840, 651, 630, 926, 415, 547, 551, 431, 274, 609, 404, 406, 452, 838, 492, 856, 771, 920, 449, 618, 457]
diff = [0.0, 0.0, 0.0, 8.318124719020048e-07, -2.2204460492503131e-16, -2.2204460492503131e-16, 1.979811664387654e-06, 2.2204460492503131e-16, 1.6915038593023901e-05, 1.8477833747532202e-06, 1.1102230246251565e-16, 1.1102230246251565e-16, 0.0, 1.1102230246251565e-16, 5.4169745408283454e-05, 0.0, 1.1102230246251565e-16, 2.2204460492503131e-16, 0.0, 0.0, 0.0, 0.0, 0.0, 0.0, 9.629752419693105e-06, 1.1102230246251565e-16, 6.3387715652618581e-05, 0.0, 2.2204460492503131e-16, 2.2204460492503131e-16, 1.1102230246251565e-16, 1.1102230246251565e-16]
Starting iteration 38
[697, 543, 269, 739, 916, 444, 1296, 681, 413, 449, 1857, 840, 651, 630, 932, 415, 547, 551, 431, 274, 609, 404, 406, 452, 837, 492, 851, 771, 920, 449, 618, 457]
diff = [1.5470814562767998e-06, 0.0, 0.0, 3.3135103800763233e-06, -2.2204460492503131e-16, -2.2204460492503131e-16, -2.2204460492503131e-16, 2.2204460492503131e-16, -2.2204460492503131e-16, 0.0, 1.1102230246251565e-16, 1.1102230246251565e-16, 0.0, 1.1102230246251565e-16, 4.946206718647872e-05, 0.0, 1.1102230246251565e-16, 2.2204460492503131e-16, 0.0, 0.0, 0.0, 0.0, 0.0, 0.0, 1.0181778462459157e-05, 1.1102230246251565e-16, 6.9717981385220007e-05, 0.0, 2.2204460492503131e-16, 2.2204460492503131e-16, 1.1102230246251565e-16, 1.1102230246251565e-16]
Starting iteration 39
[697, 543, 269, 739, 916, 444, 1296, 681, 413, 449, 1857, 840, 651, 629, 937, 415, 547, 551, 431, 274, 608, 404, 406, 453, 837, 492, 846, 771, 921, 449, 618, 457]
diff = [0.0, 0.0, 0.0, 0.0, -2.2204460492503131e-16, -2.2204460492503131e-16, -2.2204460492503131e-16, 2.2204460492503131e-16, -2.2204460492503131e-16, 0.0, 1.1102230246251565e-16, 1.1102230246251565e-16, 0.0, 4.5120540065335391e-06, 9.7557440593920575e-05, 0.0, 1.1102230246251565e-16, 2.2204460492503131e-16, 0.0, 0.0, 7.5266576728960644e-06, 0.0, 0.0, 9.6176801284153512e-06, -2.2204460492503131e-16, 1.1102230246251565e-16, 0.00023544133040598325, 0.0, 2.5434172333804739e-06, 2.2204460492503131e-16, 1.1102230246251565e-16, 1.1102230246251565e-16]
Starting iteration 40
[697, 543, 269, 738, 916, 444, 1296, 681, 413, 449, 1857, 840, 651, 629, 945, 416, 547, 552, 431, 274, 608, 404, 406, 453, 837, 492, 840, 770, 920, 448, 618, 457]
diff = [0.0, 0.0, 0.0, 1.4904573503171648e-06, -2.2204460492503131e-16, -2.2204460492503131e-16, -2.2204460492503131e-16, 2.2204460492503131e-16, -2.2204460492503131e-16, 0.0, 1.1102230246251565e-16, 1.1102230246251565e-16, 0.0, 0.0, 5.1981341601892161e-05, 1.8813933360117829e-06, 1.1102230246251565e-16, 2.0931974554772026e-06, 0.0, 0.0, 2.2204460492503131e-16, 0.0, 0.0, 2.2279456135643194e-05, -2.2204460492503131e-16, 1.1102230246251565e-16, 9.4957650340288247e-05, 1.8812682083257926e-06, 2.5434172333804739e-06, 8.6199522175700594e-07, 1.1102230246251565e-16, 1.1102230246251565e-16]
Starting iteration 41
[697, 543, 269, 738, 915, 444, 1297, 681, 413, 449, 1857, 840, 651, 629, 948, 416, 547, 552, 431, 274, 608, 404, 406, 453, 837, 492, 837, 770, 920, 448, 618, 457]
diff = [0.0, 0.0, 0.0, 0.0, 3.5469329672244143e-06, -2.2204460492503131e-16, 7.0699539078677986e-07, 2.2204460492503131e-16, -2.2204460492503131e-16, 0.0, 1.1102230246251565e-16, 1.1102230246251565e-16, 0.0, 0.0, 3.1585109093956731e-05, 2.2204460492503131e-16, 1.1102230246251565e-16, -2.2204460492503131e-16, 0.0, 0.0, 2.2204460492503131e-16, 0.0, 0.0, 0.0, -2.2204460492503131e-16, 1.1102230246251565e-16, 5.4771695494615358e-05, -2.2204460492503131e-16, 2.2204460492503131e-16, 2.2204460492503131e-16, 1.1102230246251565e-16, 1.1102230246251565e-16]
Starting iteration 42
[699, 543, 269, 738, 915, 444, 1297, 681, 413, 449, 1857, 840, 651, 629, 955, 416, 547, 552, 431, 274, 608, 404, 406, 453, 837, 492, 828, 770, 920, 448, 618, 457]
diff = [1.4320862314343152e-05, 0.0, 0.0, 0.0, 1.1102230246251565e-16, -2.2204460492503131e-16, 0.0, 2.2204460492503131e-16, -2.2204460492503131e-16, 0.0, 1.1102230246251565e-16, 1.1102230246251565e-16, 0.0, 0.0, 0.00010141561364540586, 2.2204460492503131e-16, 1.1102230246251565e-16, -2.2204460492503131e-16, 0.0, 0.0, 2.2204460492503131e-16, 0.0, 0.0, 0.0, -2.2204460492503131e-16, 1.1102230246251565e-16, 0.00021681032270892686, -2.2204460492503131e-16, 8.4884187431244484e-06, 2.2204460492503131e-16, 1.1102230246251565e-16, 1.1102230246251565e-16]
Starting iteration 43
[699, 543, 269, 738, 915, 444, 1297, 681, 413, 449, 1857, 840, 651, 629, 963, 416, 547, 552, 431, 274, 608, 404, 407, 454, 837, 492, 819, 770, 920, 448, 618, 456]
diff = [0.0, 0.0, 0.0, 0.0, 1.1102230246251565e-16, -2.2204460492503131e-16, 9.5290109536350087e-07, 2.2204460492503131e-16, -2.2204460492503131e-16, 0.0, 1.1102230246251565e-16, 1.1102230246251565e-16, 0.0, 0.0, 6.9081019634764651e-05, 2.2204460492503131e-16, 1.1102230246251565e-16, -2.2204460492503131e-16, 0.0, 0.0, 2.2204460492503131e-16, 0.0, 1.6806619912990151e-05, 4.5847307065915999e-05, -2.2204460492503131e-16, 1.1102230246251565e-16, 0.00017069310318251762, -2.2204460492503131e-16, -2.2204460492503131e-16, 2.2204460492503131e-16, 1.1102230246251565e-16, 4.9928511095531647e-06]
Starting iteration 44
[699, 543, 269, 738, 915, 444, 1297, 681, 413, 449, 1857, 840, 651, 629, 969, 416, 547, 551, 431, 274, 608, 404, 407, 454, 837, 492, 816, 770, 918, 448, 618, 456]
diff = [0.0, 0.0, 0.0, 0.0, 1.1102230246251565e-16, -2.2204460492503131e-16, 0.0, 2.2204460492503131e-16, -2.2204460492503131e-16, 0.0, 1.1102230246251565e-16, 1.1102230246251565e-16, 0.0, 0.0, 2.212666004053343e-05, 2.2204460492503131e-16, 1.1102230246251565e-16, 3.2525413050654706e-06, 0.0, 0.0, 2.2204460492503131e-16, 0.0, 0.0, -2.2204460492503131e-16, -2.2204460492503131e-16, 1.1102230246251565e-16, 3.1917211133380974e-05, -2.2204460492503131e-16, 7.9361686483592209e-06, 2.2204460492503131e-16, 1.1102230246251565e-16, 0.0]
Starting iteration 45
[699, 543, 269, 738, 915, 444, 1297, 681, 413, 449, 1857, 840, 651, 629, 969, 416, 547, 551, 431, 274, 608, 404, 407, 454, 837, 492, 815, 771, 918, 448, 618, 456]
diff = [0.0, 0.0, 0.0, 0.0, 1.1102230246251565e-16, -2.2204460492503131e-16, 0.0, 2.2204460492503131e-16, -2.2204460492503131e-16, 0.0, 1.1102230246251565e-16, 1.1102230246251565e-16, 0.0, 0.0, 2.9462260916601757e-05, 2.2204460492503131e-16, 1.1102230246251565e-16, 0.0, 0.0, 0.0, 2.2204460492503131e-16, 0.0, 0.0, -2.2204460492503131e-16, 7.2545792263456477e-06, 1.1102230246251565e-16, 4.2238185815945961e-05, 2.8312495434779095e-06, 2.2204460492503131e-16, 2.2204460492503131e-16, 1.1102230246251565e-16, 0.0]
Starting iteration 46
[699, 543, 269, 738, 916, 444, 1297, 681, 413, 449, 1857, 840, 651, 629, 969, 416, 547, 551, 431, 274, 608, 404, 407, 455, 837, 492, 812, 771, 919, 448, 618, 456]
diff = [0.0, 0.0, 0.0, 0.0, 2.5190325091406507e-06, -2.2204460492503131e-16, 0.0, 2.2204460492503131e-16, -2.2204460492503131e-16, 0.0, 1.1102230246251565e-16, 1.1102230246251565e-16, 0.0, 0.0, 0.0, 2.2204460492503131e-16, 1.1102230246251565e-16, 0.0, 0.0, 0.0, 2.2204460492503131e-16, 0.0, 0.0, 1.0480445753802137e-05, 0.0, 1.1102230246251565e-16, 5.2113136110754077e-05, 2.2204460492503131e-16, 1.4043976676370029e-05, 2.2204460492503131e-16, 1.1102230246251565e-16, 0.0]
Starting iteration 47
[699, 543, 269, 738, 916, 444, 1297, 681, 413, 449, 1857, 840, 651, 629, 971, 416, 547, 551, 431, 274, 608, 404, 407, 455, 837, 492, 810, 771, 919, 448, 618, 456]
diff = [0.0, 0.0, 0.0, 0.0, 0.0, -2.2204460492503131e-16, 0.0, 2.2204460492503131e-16, -2.2204460492503131e-16, 0.0, 1.1102230246251565e-16, 1.1102230246251565e-16, 0.0, 0.0, 1.5910516635631033e-05, 2.2204460492503131e-16, 1.1102230246251565e-16, 0.0, 0.0, 0.0, 2.2204460492503131e-16, 0.0, 0.0, -2.2204460492503131e-16, 0.0, 1.1102230246251565e-16, 3.0121755794643157e-05, 2.2204460492503131e-16, -2.2204460492503131e-16, 2.2204460492503131e-16, 1.1102230246251565e-16, 0.0]
Starting iteration 48
[699, 543, 269, 738, 916, 444, 1297, 681, 413, 449, 1857, 840, 651, 629, 975, 416, 547, 551, 431, 274, 608, 404, 407, 455, 837, 492, 806, 771, 919, 448, 618, 456]
diff = [0.0, 0.0, 0.0, 0.0, 0.0, -2.2204460492503131e-16, 0.0, 2.2204460492503131e-16, -2.2204460492503131e-16, 0.0, 1.1102230246251565e-16, 1.1102230246251565e-16, 0.0, 0.0, 4.0047769544249157e-05, 2.2204460492503131e-16, 1.1102230246251565e-16, 0.0, 0.0, 0.0, 2.2204460492503131e-16, 0.0, 0.0, -2.2204460492503131e-16, 0.0, 1.1102230246251565e-16, 7.6915858866932751e-05, 2.2204460492503131e-16, -2.2204460492503131e-16, 2.2204460492503131e-16, 1.1102230246251565e-16, 0.0]
Starting iteration 49
[700, 543, 269, 738, 916, 444, 1297, 681, 413, 449, 1857, 840, 651, 629, 979, 416, 547, 551, 431, 274, 607, 404, 407, 455, 837, 492, 804, 769, 919, 448, 618, 456]
diff = [2.2977885433261847e-06, 0.0, 0.0, 0.0, 0.0, -2.2204460492503131e-16, 0.0, 2.2204460492503131e-16, -2.2204460492503131e-16, 0.0, 1.1102230246251565e-16, 1.1102230246251565e-16, 0.0, 0.0, 4.8019943913235608e-05, 2.2204460492503131e-16, 1.1102230246251565e-16, 0.0, 0.0, 0.0, 4.5663016420283142e-06, 0.0, 0.0, -2.2204460492503131e-16, 0.0, 1.1102230246251565e-16, 8.7772645680717076e-05, 4.1808972488510676e-06, 5.572243433560331e-06, 2.2204460492503131e-16, 1.1102230246251565e-16, 0.0]
Starting iteration 50
[700, 543, 269, 738, 916, 444, 1297, 681, 413, 449, 1857, 840, 651, 629, 980, 416, 547, 551, 431, 274, 607, 404, 407, 455, 837, 493, 803, 768, 919, 448, 618, 456]
diff = [2.2204460492503131e-16, 0.0, 0.0, 0.0, 0.0, -2.2204460492503131e-16, 0.0, 2.2204460492503131e-16, -2.2204460492503131e-16, 0.0, 1.1102230246251565e-16, 1.1102230246251565e-16, 0.0, 0.0, 2.007985106744492e-06, 2.2204460492503131e-16, 1.1102230246251565e-16, 0.0, 0.0, 0.0, 0.0, 0.0, 0.0, -2.2204460492503131e-16, 0.0, 2.4861371724527181e-05, 8.614231489356694e-05, 6.5136687537048488e-06, 0.0, 2.2204460492503131e-16, 1.1102230246251565e-16, 0.0]
Starting iteration 51
[700, 543, 269, 738, 916, 444, 1297, 681, 413, 449, 1857, 840, 651, 629, 982, 416, 547, 552, 431, 274, 607, 404, 407, 455, 837, 493, 800, 768, 919, 448, 618, 456]
diff = [2.2204460492503131e-16, 0.0, 0.0, 0.0, 0.0, -2.2204460492503131e-16, 0.0, 2.2204460492503131e-16, -2.2204460492503131e-16, 0.0, 1.1102230246251565e-16, 1.1102230246251565e-16, 0.0, 0.0, 8.2032156042410875e-06, 2.2204460492503131e-16, 1.1102230246251565e-16, 1.2540752349909923e-06, 0.0, 0.0, 0.0, 0.0, 0.0, -2.2204460492503131e-16, 0.0, 1.1102230246251565e-16, 2.1128208880782928e-05, 0.0, 0.0, 2.2204460492503131e-16, 1.1102230246251565e-16, 0.0]
Starting iteration 52
[700, 543, 269, 738, 915, 444, 1297, 681, 413, 449, 1857, 840, 651, 629, 984, 416, 547, 552, 431, 274, 607, 404, 407, 455, 837, 493, 799, 768, 919, 448, 618, 456]
diff = [2.2204460492503131e-16, 0.0, 0.0, 0.0, 2.639090088907281e-06, -2.2204460492503131e-16, 0.0, 2.2204460492503131e-16, -2.2204460492503131e-16, 0.0, 1.1102230246251565e-16, 1.1102230246251565e-16, 0.0, 0.0, 1.255954285706018e-05, 2.2204460492503131e-16, 1.1102230246251565e-16, 0.0, 0.0, 0.0, 0.0, 0.0, 0.0, -2.2204460492503131e-16, 0.0, 1.1102230246251565e-16, 2.8847137347520757e-05, 0.0, 0.0, 2.2204460492503131e-16, 1.1102230246251565e-16, 0.0]
Starting iteration 53
[700, 543, 269, 738, 914, 444, 1297, 681, 413, 449, 1857, 840, 651, 629, 984, 416, 547, 552, 431, 274, 607, 404, 407, 455, 837, 493, 800, 768, 919, 448, 618, 456]
diff = [2.2204460492503131e-16, 0.0, 0.0, 0.0, 3.3761568007939502e-06, -2.2204460492503131e-16, 0.0, 2.2204460492503131e-16, -2.2204460492503131e-16, 0.0, 1.1102230246251565e-16, 1.1102230246251565e-16, 0.0, 0.0, 2.2204460492503131e-16, 2.2204460492503131e-16, 1.1102230246251565e-16, 0.0, 0.0, 0.0, 0.0, 0.0, 0.0, -2.2204460492503131e-16, 0.0, 1.1102230246251565e-16, 8.2086993848928813e-06, 0.0, 0.0, 2.2204460492503131e-16, 1.1102230246251565e-16, 0.0]
Starting iteration 54
[700, 543, 269, 738, 914, 444, 1297, 681, 413, 449, 1857, 840, 651, 629, 984, 416, 547, 552, 431, 274, 607, 404, 407, 455, 837, 493, 800, 768, 919, 448, 618, 456]
diff = [2.2204460492503131e-16, 0.0, 0.0, 0.0, 1.1102230246251565e-16, -2.2204460492503131e-16, 0.0, 2.2204460492503131e-16, -2.2204460492503131e-16, 0.0, 1.1102230246251565e-16, 1.1102230246251565e-16, 0.0, 0.0, 2.2204460492503131e-16, 2.2204460492503131e-16, 1.1102230246251565e-16, 0.0, 0.0, 0.0, 0.0, 0.0, 0.0, -2.2204460492503131e-16, 0.0, 1.1102230246251565e-16, -2.2204460492503131e-16, 0.0, 0.0, 2.2204460492503131e-16, 1.1102230246251565e-16, 0.0]
Converged in 55 iterations
K-means converged in time: 12187.2514911 seconds or 203.120858184 minutes
Entropy = 3.05113063415
