Starting iteration 0
[15614, 5227]
diff = [20.073822944395257, 19.199178574095953]
Starting iteration 1
[15299, 5542]
diff = [0.76613865899291211, 1.9620192020965119]
Starting iteration 2
[15939, 4902]
diff = [0.19930064428789443, 0.76188640447590428]
Starting iteration 3
[16317, 4524]
diff = [0.11821473337730957, 0.46324280210206864]
Starting iteration 4
[16532, 4309]
diff = [0.069009296644890653, 0.27779208674462269]
Starting iteration 5
[16644, 4197]
diff = [0.038010780220471815, 0.15482449686274005]
Starting iteration 6
[16705, 4136]
diff = [0.022564175396904473, 0.092228068673800748]
Starting iteration 7
[16784, 4057]
diff = [0.031320392918883194, 0.13048927197395976]
Starting iteration 8
[16848, 3993]
diff = [0.030029559102990686, 0.12794652196545633]
Starting iteration 9
[16907, 3934]
diff = [0.032749501626602007, 0.14190839252176077]
Starting iteration 10
[16939, 3902]
diff = [0.029515399752768061, 0.12865599142085921]
Starting iteration 11
[16955, 3886]
diff = [0.02182536394744803, 0.095511789277570869]
Starting iteration 12
[16965, 3876]
diff = [0.018849632080245888, 0.082631059884185468]
Starting iteration 13
[16976, 3865]
diff = [0.016021891663391817, 0.070475508553058841]
Starting iteration 14
[16985, 3856]
diff = [0.015473664610418868, 0.068249717242240368]
Starting iteration 15
[17001, 3840]
diff = [0.013923975152429947, 0.061777348975993518]
Starting iteration 16
[17022, 3819]
diff = [0.012349282495190121, 0.0551892930144635]
Starting iteration 17
[17039, 3802]
diff = [0.010977384439595863, 0.04930757347732332]
Starting iteration 18
[17062, 3779]
diff = [0.014687624215025825, 0.066472418219106905]
Starting iteration 19
[17077, 3764]
diff = [0.011860937126723158, 0.053957203487585696]
Starting iteration 20
[17085, 3756]
diff = [0.0080981130572895053, 0.036879219510998429]
Starting iteration 21
[17097, 3744]
diff = [0.0061504377874821801, 0.028129184522449405]
Starting iteration 22
[17109, 3732]
diff = [0.0060087094807570827, 0.027584538318308805]
Starting iteration 23
[17110, 3731]
diff = [0.0028861293937189705, 0.013239476717291797]
Starting iteration 24
[17112, 3729]
diff = [0.0026591100944084426, 0.012205705055215395]
Starting iteration 25
[17114, 3727]
diff = [0.0026514297481486974, 0.012176441597683519]
Starting iteration 26
[17115, 3726]
diff = [0.0011127621091025291, 0.0051116112591511635]
Starting iteration 27
[17118, 3723]
diff = [0.0026647246829259166, 0.012254375338715451]
Starting iteration 28
[17119, 3722]
diff = [0.0020885899170161931, 0.0096067302367582163]
Starting iteration 29
[17120, 3721]
diff = [0.0019775513250050399, 0.0090988597610521561]
Starting iteration 30
[17121, 3720]
diff = [0.0025597804742788308, 0.01178259150604016]
Starting iteration 31
[17124, 3717]
diff = [0.002524820500104562, 0.01163509946621879]
Starting iteration 32
[17123, 3718]
diff = [0.00097523510239141346, 0.0044912610121189507]
Starting iteration 33
[17123, 3718]
diff = [0.0, 0.0]
Converged in 34 iterations
K-means converged in time: 630.03628993 seconds or 10.5006048322 minutes
Entropy = 3.94993482586
