Starting iteration 0
[3157, 86, 10137, 40, 2582, 296, 6, 24, 70, 19, 4, 1, 12, 361, 86, 20, 2, 4, 29, 7, 3, 13, 1418, 21, 1230, 56, 124, 48, 543, 14, 411, 17]
diff = [19.192287828093281, 17.914659506642561, 19.366216933856673, 18.05971320851668, 18.933946162336255, 17.705635447060782, 22.283035434964827, 20.901034575860312, 17.913844989732574, 19.559226749240683, 22.943739652637955, 36.985360670221667, 18.734662815733525, 17.884828737686252, 18.021025703807879, 18.556698851576094, 25.297943636404984, 25.891033619406699, 18.904467616493584, 21.652388591566623, 27.395640329303202, 19.210479688490139, 19.053602562231596, 20.776225331636383, 18.737782699349367, 17.740013410598085, 18.588183826539751, 18.133991367277559, 18.033348627986445, 20.943232012583824, 18.182909141638902, 19.552198394084574]
Starting iteration 1
[2618, 163, 7410, 76, 2349, 365, 46, 91, 186, 96, 19, 2, 32, 478, 328, 179, 12, 28, 98, 20, 10, 63, 2122, 124, 1205, 221, 695, 178, 808, 52, 712, 55]
diff = [2.7591140335020277, 2.7789385720697979, 1.3343035256060689, 5.0319999204536954, 1.9567310902274113, 4.1517776034365781, 15.836055879748187, 5.6069577745915335, 5.0396664261662822, 9.3596378669375646, 7.8938157357393504, 13.964240043768941, 5.4822353573965472, 4.2780998636306089, 5.8891878733391101, 6.9503782763836437, 12.942447390058973, 14.451669983296819, 6.0075017920680747, 12.389853485322378, 12.255837611340802, 10.388760793110059, 1.247772326195151, 9.4627838946381573, 6.36372857353975, 6.6825019790061857, 3.0086651064430234, 6.1847859998869028, 4.4076792557803186, 8.2752168833724102, 3.4238924799500361, 11.340307226384571]
Starting iteration 2
[1808, 342, 7010, 153, 2320, 540, 65, 77, 318, 99, 40, 4, 75, 377, 493, 294, 56, 65, 150, 30, 18, 102, 2097, 124, 1313, 361, 826, 128, 857, 50, 572, 77]
diff = [1.2230054694354271, 2.6042149457195962, 0.47476652060823882, 3.82701300980457, 1.1515687497610165, 3.2142965706656099, 4.2589431913815066, 3.0947525645251974, 3.4321247989510777, 3.8660017614649087, 7.3363903196625015, 10.389297377590074, 3.9928650341021492, 2.7173346349446779, 3.0669050591077101, 2.284492178363311, 5.3752900306711036, 7.3296049637100493, 3.3503298207652241, 3.9476434602036816, 8.2728546135412113, 5.4850547703374311, 1.1062565607073824, 7.0206464878371442, 1.7062565052197403, 2.5766842714320699, 1.5433148499528029, 3.7571092160750212, 2.6728424384652079, 2.628925804881904, 2.7050194570917241, 7.7627386480065264]
Starting iteration 3
[1319, 675, 6964, 177, 1938, 667, 70, 75, 404, 90, 85, 5, 141, 369, 737, 326, 101, 98, 181, 33, 30, 116, 2036, 132, 1333, 380, 815, 145, 809, 50, 463, 77]
diff = [2.0850815431134979, 1.5818297484679245, 0.2350305931485247, 2.4440940273584677, 0.71151767962952239, 1.6045248465791555, 1.5315515935750097, 1.8688200720268764, 1.1429507014512941, 4.8479733526492437, 4.6162200398970814, 3.3774990747593101, 3.4299884260133275, 2.146443177980832, 2.3206265831716633, 0.90617382601977603, 2.4774284756798393, 4.8396839826255285, 3.6308951801716831, 1.9580307192484649, 5.814679168033309, 2.3653187065688512, 0.929522635412526, 3.2611488669599122, 0.65469973631755429, 1.2045579284955836, 0.77769773266339748, 2.5890706206229215, 0.93077837689403009, 1.1382442620105755, 2.1725208254158046, 3.535450421265709]
Starting iteration 4
[1285, 874, 7095, 182, 1677, 757, 72, 80, 419, 93, 126, 7, 142, 397, 866, 332, 143, 128, 262, 38, 49, 127, 1716, 129, 1161, 393, 804, 158, 800, 56, 399, 74]
diff = [1.7227860559993886, 1.0951006707374238, 0.16698865156534468, 0.72904443616600079, 0.68306917141452528, 0.93696100992002851, 1.0255480041142666, 1.2466209884679798, 0.38519840789105414, 2.9463677817449065, 2.5915845737062959, 5.7154998710095484, 3.4665855701303743, 2.7644166289305279, 1.2750325809213128, 0.66186171290468276, 1.6647353028771368, 3.2606077724922908, 3.7055794568505207, 3.6939439697692626, 3.5747930378621353, 1.2758904522690133, 0.74129734402815994, 1.8181642768791808, 0.70088881736164244, 1.0715749881874677, 0.31781312685846186, 1.959453382695348, 0.40007324934691346, 1.7079519899575628, 1.4745720840855128, 3.2809949784515173]
Starting iteration 5
[1421, 956, 7180, 184, 1562, 771, 73, 92, 423, 98, 146, 9, 123, 447, 899, 335, 195, 158, 345, 53, 69, 130, 1434, 128, 953, 420, 771, 166, 802, 63, 362, 73]
diff = [0.90019152687674409, 0.55340807223775423, 0.102438996737929, 0.48404895299218736, 0.26591778077402745, 0.43707083572709482, 0.76597788366273201, 1.8310559335416365, 0.20978761326288667, 1.4027103974244823, 1.4476005820751852, 3.1101796467603271, 2.2015824673654998, 1.2177816785913209, 0.74468559592996564, 0.61887559818533344, 1.4471174869864671, 2.5842495191829045, 1.7795328195686599, 4.4310193391518915, 2.9028203317328392, 0.55127897973485318, 0.69345123152513333, 0.74882697734337911, 1.1784046476808245, 0.92505080386461869, 0.37493754404698709, 1.2665290547922232, 0.35083413548252768, 1.2885220664180568, 0.78982601995136203, 2.6363575576247218]
Starting iteration 6
[1571, 1037, 7224, 182, 1465, 747, 75, 94, 420, 99, 154, 13, 121, 465, 900, 359, 262, 172, 384, 65, 106, 129, 1242, 130, 774, 416, 744, 171, 832, 69, 342, 77]
diff = [0.70148681930744439, 0.52844864290212668, 0.090199540457325048, 0.29649863195348058, 0.19821305169635448, 0.59212392543010117, 0.84000101272699224, 1.2068131265098254, 0.11450054304593713, 0.3990249779807572, 0.96371435643141434, 5.180855084381534, 1.5484022194308358, 0.39773201457519392, 0.25803955040440796, 0.82348759933163085, 1.4307673442088564, 1.0706510596735139, 0.75925983329508151, 3.4156570926841177, 2.7114982043779765, 0.40858238028688126, 0.80933029676131873, 0.40435645200527148, 1.6358943587573862, 1.2340398238715413, 0.38704542137909853, 0.83104826210945293, 0.31815714966688946, 1.1555478562648471, 0.55265522590532601, 1.3064150579357894]
Starting iteration 7
[1655, 1075, 7204, 181, 1338, 728, 79, 104, 422, 100, 145, 18, 115, 474, 890, 409, 363, 180, 405, 83, 157, 129, 1160, 130, 676, 405, 696, 179, 858, 71, 332, 80]
diff = [0.39104365397558727, 0.36237041789657715, 0.08716110335135599, 0.077843564980878743, 0.35788362547312058, 0.22721952929096226, 1.1329752144764962, 1.1577076827421853, 0.14822806316453901, 0.21943367480634404, 0.79522126847910124, 3.6696887512046716, 0.92082888913898964, 0.22586442505196852, 0.14026062770040612, 1.0749312530499726, 1.3944326247931873, 0.78227673936698616, 0.44163226814550877, 2.5282635572722101, 2.1987657000561991, 0.48714007266247888, 0.74517732564612515, 0.0, 1.120082788246586, 0.94284357332764623, 0.54264957985853934, 0.55671728800402165, 0.26454379853714688, 0.54676868623169317, 0.39157776768205421, 1.3880446274212288]
Starting iteration 8
[1685, 1103, 7078, 181, 1169, 719, 81, 112, 411, 100, 143, 31, 112, 489, 892, 477, 470, 192, 415, 104, 196, 129, 1207, 130, 635, 394, 654, 178, 872, 77, 321, 84]
diff = [0.24546677577462916, 0.3164212879670989, 0.093703350419965359, 0.0, 0.73686215361746421, 0.13336069034420464, 0.81633214720866798, 1.3936130080000322, 0.23244591156044994, 0.0, 0.46981527275261187, 3.9834424656326703, 0.84507812065765497, 0.28918717823446827, 0.10223348579939158, 1.1177758504539792, 1.6716992268394621, 0.89231861928664025, 0.21424010894061427, 2.142590124593895, 1.1880074850576494, 0.66440937479739959, 0.70911100487236189, 0.0, 0.64815757521195994, 0.45725998562544612, 0.38919553470188045, 0.29488951372816358, 0.19455635724224471, 1.0748671886297467, 0.24637150940268016, 0.97633582686767995]
Starting iteration 9
[1710, 1105, 6922, 180, 1034, 717, 82, 123, 405, 100, 136, 57, 110, 491, 892, 599, 537, 211, 417, 120, 228, 125, 1241, 130, 611, 396, 620, 172, 887, 78, 318, 87]
diff = [0.12974718357728288, 0.3072253104967555, 0.08396883765195208, 0.099072428860091877, 1.1013273735318148, 0.12230669408883356, 0.20521441064345258, 1.174549656244364, 0.14815715383754818, 0.0, 0.53293066811258039, 3.7291453429114392, 0.84714574153700661, 0.20123832980514531, 0.087730930701855767, 1.2441592746760517, 1.5851899077226426, 1.2510658823767173, 0.14778306614095282, 1.7613283894819303, 1.0123311386653868, 0.57853759010497574, 0.57778230709749845, 0.0, 0.41528584430387433, 0.3191445301299235, 0.2969949940406314, 0.4643703024354417, 0.16349506194860292, 0.57870291637121152, 0.092819429132394132, 0.58011622277542119]
Starting iteration 10
[1722, 1109, 6857, 178, 931, 713, 85, 136, 399, 101, 130, 111, 109, 489, 893, 674, 592, 232, 427, 135, 257, 126, 1188, 130, 595, 389, 597, 176, 876, 79, 318, 87]
diff = [0.085804260008927755, 0.35265166251852748, 0.067658146242226089, 0.32512394359810137, 0.84937353198329812, 0.15471481337257126, 0.53259315573557731, 1.0707771717605599, 0.15189163402596489, 0.23363594821517103, 0.59326976731470804, 2.985797236186428, 0.18819455772504054, 0.15593415532969648, 0.16945961031785628, 1.0297488427603871, 1.0096530633775207, 1.1588773109175505, 0.337190072053005, 1.6143597515446826, 0.88558822296506301, 0.26343700323553881, 0.31611140262955711, 0.0, 0.21678183839314558, 0.31115053920940017, 0.23941556464178987, 0.73011335836649005, 0.11321977712640462, 0.3322608352733073, 0.060814715741552762, 0.0]
Starting iteration 11
[1730, 1137, 6833, 178, 892, 717, 86, 146, 395, 101, 124, 163, 108, 480, 892, 693, 582, 239, 435, 156, 265, 124, 1149, 130, 586, 386, 583, 178, 869, 79, 317, 88]
diff = [0.046842874284674679, 0.25698662551826945, 0.038717302384123645, 0.10510273558353761, 0.28361501721397336, 0.12401310083638296, 0.21122951526312495, 0.83631982260543825, 0.20926134168838115, 0.53785254873429889, 0.55036338421796938, 2.2470919811491399, 0.1375651435914006, 0.15382384837018528, 0.13322592551543286, 0.67821397418557205, 0.37033140995423502, 0.62894997826409949, 0.20447008018242135, 1.6359125627822797, 0.37726259187895245, 0.2028425832363781, 0.18987417790819461, 0.0, 0.12922291589687315, 0.13348070463944811, 0.22355345939496457, 0.43068712019203165, 0.098490622740534869, 0.0, 0.0393871988534054, 0.22664064778800833]
Starting iteration 12
[1734, 1173, 6809, 177, 874, 715, 89, 156, 387, 102, 122, 190, 108, 476, 884, 708, 578, 249, 443, 171, 271, 121, 1112, 130, 582, 384, 570, 179, 860, 81, 317, 89]
diff = [0.059269055621907589, 0.30900643766237756, 0.046524124957858203, 0.092403358351615089, 0.22193194762502272, 0.084851581435473653, 0.46908025014030241, 0.80652661017841354, 0.17980704087101765, 0.35719946452472906, 0.19903853547238107, 1.256992488654763, 0.0, 0.15304209200997718, 0.15399915015312676, 0.38828342143563993, 0.12246772450200688, 0.69269115637458201, 0.14416489401987184, 1.4282764607711993, 0.34194554646606817, 0.38654435206211496, 0.20765345534434573, 0.0, 0.13959943841460151, 0.073495113275205734, 0.13880224898109067, 0.12912579625453025, 0.095804834082711066, 0.49487620045028957, 0.0, 0.15746491040564745]
Starting iteration 13
[1737, 1218, 6791, 176, 863, 713, 90, 167, 385, 104, 122, 201, 108, 476, 864, 703, 584, 255, 449, 173, 272, 118, 1094, 130, 582, 382, 565, 178, 850, 86, 316, 89]
diff = [0.014945506584088086, 0.25851086153893293, 0.029806457536301501, 0.094820302847845664, 0.19800888860058821, 0.069044856415328967, 0.4668756115933787, 1.2579994716002141, 0.050998166515948962, 0.51632358392306321, 0.0, 0.98271777690004225, 0.0, 0.06833384860206132, 0.17254057061267708, 0.19579059407304655, 0.11770990354409527, 0.336690659873011, 0.15809562610276232, 0.81409213004874514, 0.19516990678441365, 0.37875948200970339, 0.1311059708384717, 0.0, 0.075249101169959282, 0.039410763369430363, 0.095341224477450928, 0.17649577071864614, 0.10122866026342962, 1.2953298768924106, 0.047579897752001131, 0.0]
Starting iteration 14
[1741, 1274, 6761, 176, 855, 712, 93, 177, 384, 104, 122, 208, 108, 477, 843, 698, 584, 257, 454, 175, 271, 116, 1086, 130, 582, 380, 565, 177, 840, 87, 315, 89]
diff = [0.022410016624810108, 0.24878570370807002, 0.033459844454862768, 0.0, 0.16404126464423735, 0.05963224570475549, 0.38174297811474023, 0.84712017522825311, 0.084190384414391334, 0.0, 0.0, 0.62748831848578346, 0.0, 0.029080959310366847, 0.17078382358868743, 0.08496821533884058, 0.040629488074331026, 0.38880436488080211, 0.13670915747225765, 0.51285046664733214, 0.15759014160334031, 0.29875960512687239, 0.11178001306626184, 0.0, 0.061304339432684665, 0.10664797726513468, 0.069816222737401817, 0.1184005161334111, 0.10447847243543407, 0.65917976053734639, 0.059792074719668978, 0.0]
Starting iteration 15
[1736, 1316, 6751, 176, 858, 713, 96, 194, 388, 104, 121, 205, 108, 477, 822, 695, 581, 261, 458, 178, 272, 116, 1066, 130, 582, 376, 561, 177, 831, 88, 315, 89]
diff = [0.022910391540800469, 0.16887127069180408, 0.025021086994029718, 0.0, 0.1646759777799878, 0.040109771551970388, 0.39831575950621606, 0.95270852427127595, 0.12958060517166975, 0.0, 0.14222123920215146, 0.5782754968309981, 0.0, 0.0, 0.15486915969640114, 0.048658362662990895, 0.11492716400011449, 0.17131262218627924, 0.12610860591052697, 0.21249501338683877, 0.13412494403466083, 0.0, 0.15678193525877548, 0.0, 0.0, 0.076953917058763241, 0.096636834457079129, 0.0, 0.12822269257456717, 0.56540786843723101, 0.0, 0.0]
Starting iteration 16
[1740, 1372, 6726, 176, 859, 712, 98, 213, 387, 104, 121, 199, 108, 478, 788, 694, 582, 263, 459, 181, 277, 116, 1051, 130, 582, 371, 558, 177, 824, 91, 315, 89]
diff = [0.029683276909318268, 0.19603382007888442, 0.037216172600909633, 0.0, 0.13628610153568416, 0.042281860830432644, 0.38671081705530397, 0.8408607822235965, 0.079768827013708507, 0.0, 0.0, 0.74212947437250676, 0.0, 0.032813189005601866, 0.19755024298197199, 0.051988596669908814, 0.031053649721250798, 0.12602085802038865, 0.13937695671089156, 0.33467301834040514, 0.22420989855586662, 0.0, 0.12993458388317344, 0.0, 0.0, 0.10765725581251798, 0.058850397829396293, 0.0, 0.099680296828483408, 0.79030934067189118, 0.0, 0.0]
Starting iteration 17
[1742, 1420, 6714, 176, 859, 710, 101, 233, 386, 104, 121, 190, 106, 477, 758, 697, 583, 264, 458, 182, 279, 117, 1025, 130, 584, 371, 554, 176, 825, 96, 314, 89]
diff = [0.025136508135197053, 0.18419912395435256, 0.025044951478431866, 0.0, 0.10420880303857799, 0.036246039056570846, 0.6027228310208177, 0.91526487844358129, 0.093044527463620436, 0.0, 0.0, 0.48735231093176468, 0.24349255984544704, 0.044175819757797608, 0.23907884427616694, 0.039048459672056848, 0.061130363854502677, 0.089760640997461158, 0.083839365893630849, 0.16477571318340531, 0.31858477461130796, 0.17220966375977506, 0.16066698594772993, 0.0, 0.05375814812819725, 0.059482685958797778, 0.080743826183480555, 0.096163897933955592, 0.091651355711233728, 1.1891165585771937, 0.053558112110531089, 0.0]
Starting iteration 18
[1741, 1463, 6700, 175, 851, 709, 103, 256, 387, 103, 121, 187, 106, 478, 735, 697, 583, 262, 458, 182, 285, 117, 1002, 130, 584, 369, 555, 176, 828, 96, 314, 88]
diff = [0.009845823858324828, 0.16991867357719517, 0.027880810765128213, 0.097923622701308458, 0.13145351690673671, 0.032411168416059691, 0.37005546479513485, 0.65527167158249133, 0.17516420369907912, 0.38582388338201812, 0.0, 0.66085239409019736, 0.0, 0.029371635561361634, 0.18971668412348563, 0.034701252862116998, 0.06217690895503214, 0.16336340233643026, 0.1420892524325231, 0.0, 0.16716514364753121, 0.0, 0.1996411251087053, 0.0, 0.0, 0.082348248878092681, 0.076415417403312508, 0.0, 0.078196909427308919, 1.183289318430242, 0.0, 0.36854145002462374]
Starting iteration 19
[1733, 1499, 6696, 175, 836, 709, 105, 288, 388, 104, 121, 186, 106, 477, 725, 698, 583, 261, 461, 182, 286, 117, 960, 130, 584, 368, 552, 176, 840, 94, 314, 87]
diff = [0.050356534976541641, 0.16923114140128068, 0.036369152429204701, 0.0, 0.12569143284272727, 0.0, 0.36607371877491202, 0.91918547877137569, 0.12247073681749086, 0.5574832394232343, 0.0, 0.44812613594729622, 0.0, 0.026726228234626264, 0.13302773873182105, 0.09293315116364291, 0.031441342675511789, 0.09939098839327383, 0.21206474844151693, 0.0, 0.053654720617030825, 0.0, 0.40531339660704291, 0.0, 0.0, 0.030591709461334205, 0.09049113294315124, 0.0, 0.16208919651308812, 0.52799270552982147, 0.0, 0.31215129685284271]
Starting iteration 20
[1730, 1526, 6709, 175, 828, 704, 110, 305, 386, 105, 121, 186, 106, 475, 720, 693, 582, 260, 478, 183, 287, 117, 898, 130, 584, 370, 551, 175, 851, 94, 315, 87]
diff = [0.013650598628946185, 0.19778680732828788, 0.025623644917987586, 0.0, 0.097322252176715862, 0.06248554840140709, 0.51781587544276209, 0.55417466859581832, 0.14464143768748491, 0.35367437330324281, 0.0, 0.43378801621385554, 0.0, 0.046573014657893756, 0.10206831022622818, 0.10117539563217902, 0.024134831247092651, 0.15297244248186859, 0.42656825053909947, 0.26609510164366967, 0.048628052652766332, 0.0, 0.68302358564648025, 0.0, 0.0, 0.074872459450419357, 0.10005030929220377, 0.12743203735339773, 0.13945149860511624, 0.55073102576786348, 0.045152284169554892, 0.0]
Starting iteration 21
[1731, 1569, 6724, 175, 824, 700, 114, 312, 377, 105, 121, 188, 105, 472, 708, 693, 582, 259, 493, 183, 289, 117, 836, 130, 584, 369, 549, 175, 858, 97, 315, 87]
diff = [0.014261361759186278, 0.31533855083223999, 0.035208912305997986, 0.0, 0.080668383027527171, 0.061896227177742749, 0.41003897591980459, 0.46471393358695001, 0.17904463260678419, 0.0, 0.0, 0.32578148998000916, 0.13296662882672253, 0.050263131969637685, 0.1919274902587389, 0.0, 0.040769108308263503, 0.18374550465199058, 0.36120773311431026, 0.0, 0.090480365863917944, 0.0, 0.90951763113275286, 0.0, 0.0, 0.042430179481588642, 0.11207168448706682, 0.26489890254855469, 0.10716592776347834, 0.60521283562794004, 0.0, 0.0]
Starting iteration 22
[1731, 1614, 6697, 176, 821, 695, 119, 319, 374, 105, 121, 189, 105, 471, 697, 690, 581, 260, 506, 183, 290, 117, 832, 130, 583, 368, 546, 175, 847, 98, 314, 87]
diff = [0.011006677575539001, 0.25743451472629308, 0.03179480497392171, 0.13659156121830263, 0.051947237010661229, 0.089137652268605955, 0.41626600587645951, 0.20845775413037701, 0.11746184541027734, 0.0, 0.0, 0.32164316131687049, 0.0, 0.029258190922501683, 0.1332894710290238, 0.037329333311181663, 0.039995766627228251, 0.065092986688580365, 0.21394671507983345, 0.0, 0.04619543237960072, 0.0, 0.10677296628227163, 0.0, 0.022406883686062518, 0.06032512359176858, 0.061036185801808959, 0.0, 0.19058772306181745, 0.33739990477107562, 0.060717866909953906, 0.0]
Starting iteration 23
[1730, 1633, 6694, 176, 816, 688, 124, 318, 373, 106, 121, 190, 105, 471, 698, 690, 581, 259, 511, 183, 291, 117, 829, 130, 584, 366, 544, 175, 839, 98, 314, 87]
diff = [0.012410773787899503, 0.1892093892227916, 0.029778318819206895, 0.0, 0.055060349951717498, 0.12608638389567048, 0.58512120296994274, 0.20972137773375246, 0.030490202659655855, 0.20454657601250445, 0.0, 0.19900731762926696, 0.0, 0.0, 0.076493119114522445, 0.02869418822206278, 0.0, 0.11530458484740014, 0.12231714337743718, 0.0, 0.11358258035852789, 0.0, 0.085434157707738462, 0.0, 0.025304014456501107, 0.1247200896719879, 0.035560469237871248, 0.0, 0.11571111179755605, 0.54532200881173065, 0.0, 0.0]
Starting iteration 24
[1730, 1659, 6679, 176, 812, 687, 126, 315, 373, 106, 121, 191, 105, 472, 697, 689, 582, 259, 516, 183, 291, 117, 827, 130, 585, 365, 544, 173, 831, 99, 314, 87]
diff = [0.0, 0.14559403451814659, 0.022994301776683271, 0.0, 0.030293614913598794, 0.038224476166263885, 0.30809295682596888, 0.1890972446891388, 0.0, 0.0, 0.0, 0.24216848646370506, 0.0, 0.05792163383025644, 0.056480759650532536, 0.049776537183298775, 0.063725014660423018, 0.0, 0.10577091078134351, 0.0, 0.0, 0.0, 0.028843985216213626, 0.0, 0.02355792123726224, 0.045798700817131506, 0.0, 0.31100712305974926, 0.10962631168671871, 0.55934748404234846, 0.0, 0.0]
Starting iteration 25
[1729, 1670, 6672, 176, 807, 686, 126, 316, 375, 106, 121, 189, 105, 473, 696, 691, 584, 259, 520, 183, 291, 117, 826, 130, 588, 363, 544, 174, 825, 98, 314, 87]
diff = [0.0062599110815544931, 0.11871718964779203, 0.017643686500340532, 0.0, 0.046059321711023962, 0.020696941231870724, 0.0, 0.032802619415562763, 0.05937195876356232, 0.0, 0.0, 0.14928766355419201, 0.0, 0.028910066572800212, 0.040732914475978467, 0.040795255965771521, 0.048645788117968707, 0.0, 0.060398944254355234, 0.0, 0.0, 0.0, 0.017316557376095474, 0.0, 0.053096391736649151, 0.089360015988661085, 0.0, 0.16578620916512193, 0.086924343257744854, 0.17368198413860567, 0.0, 0.0]
Starting iteration 26
[1729, 1689, 6656, 176, 801, 686, 126, 317, 375, 106, 121, 190, 105, 472, 696, 690, 584, 259, 521, 183, 291, 117, 826, 130, 591, 363, 544, 174, 824, 98, 314, 87]
diff = [0.0, 0.10265661150681075, 0.022031520752280452, 0.0, 0.064984898063333699, 0.0, 0.0, 0.088339565709216611, 0.0, 0.0, 0.0, 0.11636862808881784, 0.0, 0.023843313423402943, 0.0, 0.022719234597844685, 0.0, 0.0, 0.031372970490728194, 0.0, 0.0, 0.0, 0.0, 0.0, 0.046979893755358139, 0.0, 0.0, 0.0, 0.020493412929904191, 0.0, 0.0, 0.0]
Starting iteration 27
[1729, 1703, 6649, 176, 797, 685, 126, 317, 374, 106, 121, 190, 105, 472, 699, 690, 584, 259, 520, 183, 290, 117, 825, 130, 591, 363, 544, 174, 824, 98, 313, 87]
diff = [0.0, 0.090953285634560552, 0.015508856070761324, 0.0, 0.043867404658300177, 0.023783226427485045, 0.0, 0.0, 0.042676660658581403, 0.0, 0.0, 0.0, 0.0, 0.0, 0.035937288324808518, 0.0, 0.0, 0.0, 0.037724974667274189, 0.0, 0.051850588322325981, 0.0, 0.016733484957832605, 0.0, 0.0, 0.0, 0.0, 0.0, 0.0, 0.0, 0.045304670262224983, 0.0]
Starting iteration 28
[1729, 1714, 6637, 176, 796, 685, 126, 317, 374, 106, 121, 191, 105, 472, 699, 690, 585, 259, 521, 183, 290, 117, 825, 130, 591, 363, 544, 174, 823, 98, 313, 87]
diff = [0.0, 0.073568535664594537, 0.012640959446558462, 0.0, 0.038424943911968976, 0.0, 0.0, 0.0, 0.0, 0.0, 0.0, 0.17981798949536326, 0.0, 0.0, 0.0, 0.0, 0.044425013161954616, 0.0, 0.038209760444458916, 0.0, 0.0, 0.0, 0.0, 0.0, 0.0, 0.0, 0.0, 0.0, 0.023902933298825767, 0.0, 0.0, 0.0]
Starting iteration 29
[1729, 1717, 6632, 176, 797, 685, 126, 317, 374, 106, 121, 192, 105, 472, 699, 690, 585, 259, 521, 183, 290, 117, 825, 130, 591, 363, 544, 174, 823, 98, 313, 87]
diff = [0.0, 0.045269599480090295, 0.0071553513023159699, 0.0, 0.011604454779209615, 0.0, 0.0, 0.0, 0.0, 0.0, 0.0, 0.13559729371774662, 0.0, 0.0, 0.0, 0.0, 0.0, 0.0, 0.0, 0.0, 0.0, 0.0, 0.0, 0.0, 0.0, 0.0, 0.0, 0.0, 0.060032171698836734, 0.0, 0.0, 0.0]
Starting iteration 30
[1729, 1715, 6630, 176, 798, 685, 126, 317, 374, 107, 121, 192, 105, 472, 699, 690, 585, 259, 522, 183, 290, 117, 825, 130, 591, 363, 544, 174, 824, 98, 313, 87]
diff = [0.0, 0.025018219141848957, 0.0041947484010674795, 0.0, 0.021570033185167568, 0.0, 0.0, 0.0, 0.0, 0.19938877128724056, 0.0, 0.0, 0.0, 0.0, 0.0, 0.0, 0.0, 0.0, 0.035882987122165762, 0.0, 0.0, 0.0, 0.0, 0.0, 0.0, 0.0, 0.0, 0.0, 0.034640014253724552, 0.0, 0.0, 0.0]
Starting iteration 31
[1729, 1711, 6631, 176, 798, 685, 126, 318, 374, 107, 121, 193, 105, 472, 700, 690, 585, 259, 522, 183, 290, 117, 825, 130, 591, 363, 544, 174, 824, 98, 313, 87]
diff = [0.0, 0.024291216376428493, 0.0030546973235833067, 0.0, 0.0, 0.0, 0.0, 0.042894538290665266, 0.0, 0.0, 0.0, 0.15979192613166684, 0.0, 0.0, 0.020458572171348353, 0.0, 0.0, 0.0, 0.0, 0.0, 0.0, 0.0, 0.0, 0.0, 0.0, 0.0, 0.0, 0.0, 0.0, 0.0, 0.0, 0.0]
Starting iteration 32
[1729, 1712, 6630, 176, 799, 685, 126, 318, 374, 107, 121, 192, 105, 472, 700, 690, 585, 259, 522, 183, 290, 117, 825, 130, 591, 363, 544, 174, 824, 98, 313, 87]
diff = [0.0, 0.0080891078334806351, 0.002088793460567135, 0.0, 0.022631436596672636, 0.0, 0.0, 0.0, 0.0, 0.0, 0.0, 0.094252569790925958, 0.0, 0.0, 0.0, 0.0, 0.0, 0.0, 0.0, 0.0, 0.0, 0.0, 0.0, 0.0, 0.0, 0.0, 0.0, 0.0, 0.0, 0.0, 0.0, 0.0]
Starting iteration 33
[1729, 1712, 6630, 176, 799, 685, 126, 318, 374, 107, 121, 192, 105, 472, 700, 690, 585, 259, 522, 183, 290, 117, 825, 130, 591, 363, 544, 174, 824, 98, 313, 87]
diff = [0.0, 0.0, 0.0, 0.0, 0.0, 0.0, 0.0, 0.0, 0.0, 0.0, 0.0, 0.0, 0.0, 0.0, 0.0, 0.0, 0.0, 0.0, 0.0, 0.0, 0.0, 0.0, 0.0, 0.0, 0.0, 0.0, 0.0, 0.0, 0.0, 0.0, 0.0, 0.0]
Converged in 34 iterations
K-means converged in time: 9237.55829501 seconds or 153.959304917 minutes
Entropy = 3.29978197132
