Magnitudes computed in time:  2.09532690048
Starting iteration 0
[3427, 5232, 7990, 4192]
diff = [0.37653770913580598, 0.39762855150949683, 0.4630662511560184, 0.3843884704763747]
Starting iteration 1
[6667, 4957, 4994, 4223]
diff = [0.042770651886346989, 0.043858714861187975, 0.087374182215100404, 0.058713204484299286]
Starting iteration 2
[7204, 5113, 4094, 4430]
diff = [0.02551835869200203, 0.0098655515967851493, 0.0081792093523743725, 0.029196268355484167]
Starting iteration 3
[7142, 5129, 3764, 4806]
diff = [0.0092634762291482486, 0.0024642793217294345, 0.001736545372365339, 0.011865783701716315]
Starting iteration 4
[7088, 5094, 3615, 5044]
diff = [0.00292258077774743, 0.0012790801452964295, 0.00071040837509783739, 0.0053391073576575243]
Starting iteration 5
[7145, 4959, 3567, 5170]
diff = [0.0014337920133026261, 0.00061747476873597051, 7.5359996440926835e-05, 0.0014873101882227902]
Starting iteration 6
[7238, 4810, 3540, 5253]
diff = [0.00077870776710897704, 0.00035854635529797285, 2.4715274829834044e-05, 0.00030665460629886176]
Starting iteration 7
[7409, 4621, 3519, 5292]
diff = [0.00098700222229763934, 0.00074080953089394885, 8.1274073623349707e-06, 5.9888251512485446e-05]
Starting iteration 8
[7536, 4465, 3502, 5338]
diff = [0.00083342770413319389, 0.00074958624580923061, 8.2530351261933532e-06, 3.3478785797513844e-05]
Starting iteration 9
[7650, 4328, 3487, 5376]
diff = [0.0007633731773949437, 0.00081907327210073433, 8.0199657535029445e-06, 4.7079291209950469e-05]
Starting iteration 10
[7716, 4228, 3481, 5416]
diff = [0.00045099249820190757, 0.00049684996550147797, 3.2180416843496928e-06, 6.3986003934091151e-05]
Starting iteration 11
[7779, 4129, 3481, 5452]
diff = [0.00042504446532853901, 0.00058107152192243827, 9.4964658503560173e-07, 6.4257274496104522e-05]
Starting iteration 12
[7822, 4037, 3479, 5503]
diff = [0.00033719861922965055, 0.00045737007032897736, 1.4261895395772939e-06, 5.1490587900104856e-05]
Starting iteration 13
[7861, 3961, 3478, 5541]
diff = [0.00026642364574303024, 0.00038614003300208033, 6.8795199592575074e-07, 4.950565293559972e-05]
Starting iteration 14
[7876, 3898, 3479, 5588]
diff = [0.00018083985910966049, 0.00025727056139401849, 5.6678698967527197e-07, 4.1333891068973116e-05]
Starting iteration 15
[7879, 3849, 3480, 5633]
diff = [0.00011976114216960543, 0.00018368169064486572, 4.0215511665220305e-07, 4.3142156185393965e-05]
Starting iteration 16
[7867, 3811, 3480, 5683]
diff = [7.7178568485880561e-05, 9.1441858256824382e-05, 4.7706991901375062e-07, 5.3405810508833085e-05]
Starting iteration 17
[7838, 3776, 3482, 5745]
diff = [5.61115606727558e-05, 4.2423139152369949e-05, 8.214332171130323e-07, 6.6405204739883317e-05]
Starting iteration 18
[7797, 3767, 3481, 5796]
diff = [3.3075019468919997e-05, 1.6544802534990133e-05, 3.4389918357469185e-07, 6.0852630454855117e-05]
Starting iteration 19
[7742, 3764, 3481, 5854]
diff = [4.330104024818926e-05, 9.1058655603548644e-06, 3.4341211374577796e-07, 8.2362796781088043e-05]
Starting iteration 20
[7698, 3759, 3483, 5901]
diff = [2.3674940307083503e-05, 4.7220791308255627e-06, 7.5061784698959855e-07, 3.8108711019613217e-05]
Starting iteration 21
[7665, 3758, 3483, 5935]
diff = [1.0158970538021173e-05, 1.6754576794841824e-06, -2.2204460492503131e-16, 1.9426046217740911e-05]
Starting iteration 22
[7634, 3759, 3485, 5963]
diff = [6.7677652602071703e-06, 2.9993311542186873e-06, 1.6631026744651223e-07, 1.5803583379714325e-05]
Starting iteration 23
[7609, 3758, 3485, 5989]
diff = [4.0953584015124278e-06, 1.3688398434741345e-06, 0.0, 9.4599619523405565e-06]
Starting iteration 24
[7592, 3754, 3486, 6009]
diff = [5.7293944740743896e-06, 3.0280829568241074e-06, 1.2843120045236134e-07, 8.353962668294912e-06]
Starting iteration 25
[7574, 3750, 3487, 6030]
diff = [5.0112411351665997e-06, 2.0864395632314015e-06, 6.8800241503907955e-08, 8.6011838347221925e-06]
Starting iteration 26
[7563, 3749, 3487, 6042]
diff = [1.998282771253912e-06, 4.9906069610194947e-07, 2.2204460492503131e-16, 3.9610171984616471e-06]
Converged in 27 iterations
K-means converged in time: 776.690005064 seconds or 12.9448334177 minutes
Entropy = 3.55697535925
