Magnitudes computed in time:  2.10647702217
Starting iteration 0
[1981, 764, 1643, 516, 1275, 400, 756, 487, 684, 1598, 441, 1938, 2952, 2240, 1484, 1682]
diff = [0.4278960595021073, 0.33764610533010553, 0.39742879987162161, 0.36901666478150819, 0.53399476261422807, 0.3726952543777472, 0.35758637189518094, 0.43479159629255471, 0.36775672970359796, 0.3393494945279506, 0.36979081092221699, 0.34861026399696804, 0.43144597873381707, 0.43312769051580702, 0.37441439845445434, 0.48055443759414307]
Starting iteration 1
[2257, 1509, 2051, 1081, 2055, 1011, 766, 1638, 1630, 836, 1494, 1465, 685, 1063, 680, 620]
diff = [0.083676068881370247, 0.10867048912367694, 0.072705452283432281, 0.14229129177831501, 0.11313562737094374, 0.12777496438427538, 0.10171895208307113, 0.093202406692003414, 0.12469738131916719, 0.17045135719663262, 0.14485808246526599, 0.092164203568536163, 0.13218335447307084, 0.13705052426962827, 0.17793326934236176, 0.15934752274001152]
Starting iteration 2
[2397, 1801, 2134, 1048, 1660, 1023, 699, 1402, 1417, 1445, 1443, 1031, 510, 989, 1118, 724]
diff = [0.0046599802790319167, 0.033762084926022173, 0.034236865215828916, 0.047243958400193575, 0.0084437677462284588, 0.064457778151979617, 0.07208084800480441, 0.033145045945303764, 0.018127060683337914, 0.040727527585751488, 0.049844313007744168, 0.054849089655041317, 0.02009485086026519, 0.016352626299605877, 0.05846695432109239, 0.02335760297968692]
Starting iteration 3
[2484, 2183, 2051, 942, 1635, 1222, 735, 1251, 1346, 1228, 1480, 1122, 488, 974, 985, 715]
diff = [0.00072071310948840228, 0.015844947258426778, 0.025260304919025089, 0.0050899112383446798, 0.00045856152903922531, 0.046737704254479651, 0.017877375450839894, 0.0067153032908269239, 0.0017301408551239073, 0.019589284971662346, 0.0031174075234121634, 0.01320822584692416, 0.0015808950268296762, 0.0047546253900588864, 0.012490228181774476, 0.0017584031651376453]
Starting iteration 4
[2412, 2425, 1966, 826, 1666, 1643, 795, 1177, 1301, 981, 1486, 1144, 466, 983, 867, 703]
diff = [0.00034905765593440385, 0.0096794243305051708, 0.018109391038268696, 0.0046132022536080619, 0.00012093905414189976, 0.019899582827533679, 0.0093999483478789392, 0.00094543334782015709, 0.00018926380971673318, 0.018607265388368655, 0.00031733685968837744, 0.005693997116009375, 0.00074637708398106462, 0.0030504038117057375, 0.0075096287675839868, 0.0001368530987444494]
Starting iteration 5
[2305, 2459, 1960, 716, 1696, 2061, 826, 1126, 1284, 842, 1491, 1170, 447, 981, 784, 693]
diff = [0.00024251366961702825, 0.0024491002449216204, 0.002262420193649195, 0.0031713269702079439, 4.8585631192143985e-05, 0.0087354711486749004, 0.0077205706528772344, 0.00050810098114029145, 0.00017723836846195162, 0.013418457340163448, 9.7856891009606706e-05, 0.0055924982594292016, 0.00059449967139491022, 0.0020157725290781414, 0.0038097697075983872, 4.0386535470005036e-05]
Starting iteration 6
[2239, 2385, 1899, 642, 1721, 2363, 855, 1086, 1278, 823, 1503, 1198, 430, 971, 754, 694]
diff = [0.00011808281497827089, 0.0010395216252112593, 0.00038863071743022726, 0.0020396631586387937, 5.3921479163610009e-05, 0.003385670163526866, 0.0074007572323617765, 0.00026783813426067837, 8.0691860906312307e-05, 0.0013323980371319211, 8.1059725396626092e-05, 0.0020811974368095676, 0.0011101016454710955, 0.0008807856609684972, 0.0016246891219376947, 5.0283712998977492e-06]
Starting iteration 7
[2205, 2327, 1865, 620, 1749, 2519, 870, 1066, 1289, 821, 1503, 1209, 442, 919, 740, 697]
diff = [5.7509380397502419e-05, 0.0015646345326014721, 0.00015760258036157104, 0.0067314554449816599, 4.3091710102749481e-05, 0.0013314409856004517, 0.0077851615066037994, 0.00015146091134510264, 5.7845653864241342e-05, 8.7143276089940436e-05, 7.988846759277024e-05, 0.0012665195132307572, 0.0032834466178751631, 0.0028930732576747387, 0.0036921972049511753, 3.1670958189344844e-06]
Starting iteration 8
[2195, 2309, 1835, 603, 1791, 2598, 872, 1055, 1293, 809, 1517, 1236, 499, 803, 728, 698]
diff = [2.3254418888396522e-05, 0.0010741764617117067, 0.00023658630106548895, 0.0035164796925155617, 8.954912364478318e-05, 0.00055444747947375195, 0.0044484903975253731, 7.1846321923585421e-05, 5.8573815944873431e-05, 6.4198412264127036e-05, 7.1333375680993072e-05, 0.0014945655922942169, 0.012865233102939633, 0.0087683372084768063, 0.00090976189842562061, 7.2844812604166975e-07]
Starting iteration 9
[2195, 2283, 1797, 583, 1847, 2637, 859, 1043, 1294, 799, 1522, 1248, 568, 736, 730, 700]
diff = [2.5906523667962311e-05, 0.00097845927313588987, 0.00023862343794600616, 0.0023387990998786634, 0.00011470418118808556, 0.00018513774969586283, 0.0016408095129538669, 0.00010622277044969319, 7.3758178289917709e-05, 7.7611918784192824e-05, 9.1022151263553397e-05, 0.0025329488125258592, 0.019046005600082738, 0.011664127396221358, 0.00042065514640055035, 1.4773234690013126e-05]
Starting iteration 10
[2193, 2246, 1762, 535, 1889, 2666, 853, 1023, 1285, 785, 1518, 1285, 686, 662, 752, 701]
diff = [3.8351777095213535e-05, 0.00079449115229934808, 0.00016310661436313989, 0.0061670982457707746, 5.7062532773155539e-05, 0.00015150858344648022, 0.00020070099673508146, 0.00013711098785196274, 7.0024969901827383e-05, 0.00010538213024180454, 0.000150059431927696, 0.0022776552618524182, 0.017365315150944749, 0.019730551410861774, 0.0013636490509132404, 9.6429944369536003e-06]
Starting iteration 11
[2203, 2250, 1734, 528, 1916, 2685, 850, 1008, 1286, 783, 1518, 1278, 706, 660, 733, 703]
diff = [2.1089719982270161e-05, 0.00061664118425652781, 0.0001069056412906777, 0.0042497100663145826, 4.0868227184853723e-05, 0.00016748272765221284, 0.00018959079785474398, 0.00010380846302371349, 9.7434386133188333e-05, 4.6323598058561899e-05, 4.4948258004495756e-05, 0.0018804018978098025, 0.0016880414870594773, 0.00092895776305990108, 0.00042557439276069697, 1.6409805895234442e-06]
Starting iteration 12
[2203, 2261, 1711, 525, 1934, 2705, 853, 996, 1288, 778, 1521, 1290, 700, 662, 710, 704]
diff = [8.2267195137264437e-06, 0.00039855031328783763, 5.3843793338947954e-05, 0.003603174724100322, 1.3835314114585273e-05, 0.00020861394703330927, 0.00014688414607144651, 5.0102138500651705e-05, 5.1851659041535214e-05, 3.8946748615042992e-05, 1.0587445115617378e-05, 0.00072296698927842851, 0.00025737459214691949, 8.8097012482468706e-05, 0.00046947887842319069, 1.4047042449227831e-06]
Starting iteration 13
[2205, 2255, 1694, 537, 1937, 2723, 857, 993, 1297, 776, 1519, 1294, 709, 664, 677, 704]
diff = [7.8831169072479668e-06, 0.00024481873074233551, 3.9338179425807418e-05, 0.0023369876052213856, 5.1647543386490469e-07, 0.00012689333553483895, 0.00017440736342455576, 4.9884218297213678e-06, 2.3791586807320186e-05, 2.3127851364934671e-05, 4.0469967404810347e-05, 0.00059002900564431027, 5.8847963523955826e-05, 3.4527593306465931e-05, 0.00071219736907512932, 0.0]
Starting iteration 14
[2203, 2239, 1684, 582, 1938, 2731, 863, 989, 1305, 778, 1515, 1296, 712, 670, 632, 704]
diff = [6.6035899449756741e-06, 0.00034705680339131018, 1.4135331228515291e-05, 0.0025965532834982818, 2.0362957231512269e-07, 5.5446290259220099e-05, 0.0001883019480783954, 3.347872861836354e-05, 3.7165642060688064e-05, 8.3641979625737051e-06, 1.4649471300254291e-05, 0.00064528393448570753, 3.590748954918066e-05, 6.6000269731802952e-05, 0.0020674445734807367, 0.0]
Starting iteration 15
[2199, 2224, 1679, 605, 1938, 2731, 870, 986, 1314, 779, 1519, 1290, 713, 674, 616, 704]
diff = [8.9728172835146225e-06, 0.00037095267259945608, 8.3790182991982931e-06, 0.00062936279711511833, -2.2204460492503131e-16, 2.0998406118799551e-05, 0.00014504315337804385, 4.4893400161782893e-06, 4.2068741675005406e-05, 9.7449268766647279e-06, 6.1549559087215044e-06, 0.001104795821388449, 8.8848519086415223e-07, 1.989399951618509e-05, 0.0005698371209299502, 0.0]
Starting iteration 16
[2200, 2199, 1679, 615, 1938, 2732, 890, 984, 1322, 781, 1523, 1279, 715, 675, 605, 704]
diff = [4.4402695408285453e-06, 0.00077852164808145385, 2.3618740030428853e-06, 0.00018535376222483801, -2.2204460492503131e-16, 2.2907651227033199e-05, 0.00027735130042949585, 5.2009737997460448e-06, 3.0268421494672459e-05, 1.583307598118644e-05, 1.2949105057002974e-05, 0.0016675628081425087, 1.4248652373427539e-05, 1.6538818433553537e-05, 0.00017218947846209254, 0.0]
Starting iteration 17
[2203, 2161, 1678, 620, 1939, 2730, 908, 983, 1325, 786, 1524, 1285, 715, 680, 600, 704]
diff = [5.1510869736315357e-06, 0.0012566569096007507, 9.5748408617257752e-06, 6.8472056031443351e-05, 3.473496288375344e-07, 1.3477373400294645e-05, 0.00026631048873793084, 2.6695431850631834e-06, 6.1106230102581094e-06, 2.5198020372596552e-05, 1.5544584300197783e-05, 0.0019354427485737125, 4.6882439753703764e-06, 2.4669425076173646e-05, 6.5936883447470507e-05, 0.0]
Starting iteration 18
[2204, 2128, 1680, 626, 1939, 2735, 924, 981, 1324, 788, 1527, 1289, 714, 681, 597, 704]
diff = [5.2786293027740072e-06, 0.0011166845506334067, 6.0690957474074381e-06, 9.0635502311697813e-05, -2.2204460492503131e-16, 2.2608336873619628e-05, 0.0003867087439844985, 3.4688990739883963e-06, 2.0728069244135838e-05, 3.2676374283724385e-05, 2.1017999535244414e-05, 0.0020501297209805092, 8.418797524667454e-06, 2.5940881990038633e-05, 7.9700384524983292e-05, 0.0]
Starting iteration 19
[2202, 2106, 1685, 630, 1939, 2738, 936, 982, 1324, 788, 1523, 1297, 713, 680, 594, 704]
diff = [4.5884127030104693e-06, 0.00030050120672087122, 1.0300386260153616e-05, 3.561433487853094e-05, -2.2204460492503131e-16, 3.898642460409274e-05, 0.00022950692075374146, 2.0048141770034889e-06, 7.0313624711548783e-06, -2.2204460492503131e-16, 1.3570109649752027e-05, 0.0013173089459740384, 7.0102710579833527e-06, 1.452456353301379e-06, 3.8929203639903598e-05, 0.0]
Starting iteration 20
[2203, 2108, 1688, 631, 1939, 2744, 942, 981, 1327, 791, 1522, 1279, 710, 679, 593, 704]
diff = [3.0512253678116608e-06, 6.7686247698595103e-05, 2.9716782896649363e-06, 5.7197771702321987e-06, -2.2204460492503131e-16, 2.552511660347534e-05, 0.00016777511043186699, 4.912984152394273e-06, 1.1780166893848865e-05, 1.6342053950735291e-05, 1.2258738737447317e-05, 0.00070385687044294265, 1.2924740842801263e-05, 1.5165165447861284e-06, 7.7611240003605531e-06, 0.0]
Starting iteration 21
[2203, 2110, 1694, 631, 1939, 2751, 942, 980, 1331, 790, 1524, 1261, 707, 681, 593, 704]
diff = [1.5274287279432031e-06, 2.6339046634626939e-05, 1.0139988911639364e-05, 1.1102230246251565e-16, -2.2204460492503131e-16, 1.4570352080411908e-05, 0.00019415826731405961, 1.532918600388733e-06, 3.3309999566411008e-06, 2.5926874210879802e-06, 6.869957043464936e-06, 0.00052062033228117421, 1.6095957567130448e-05, 3.0636066119860139e-05, -2.2204460492503131e-16, 0.0]
Starting iteration 22
[2202, 2113, 1695, 631, 1939, 2758, 947, 980, 1328, 789, 1523, 1250, 707, 683, 592, 704]
diff = [3.6675941661457045e-06, 1.7505834507325346e-05, 5.7671446118678915e-07, 1.1102230246251565e-16, -2.2204460492503131e-16, 2.1371462526897922e-05, 5.0802262319682434e-05, 0.0, 1.0076069598685677e-06, 7.5267197379158546e-06, 1.2943972984569285e-06, 0.00018866403245665353, 0.0, 1.9785803277327929e-05, 9.3446483033776673e-06, 0.0]
Starting iteration 23
[2201, 2111, 1697, 631, 1939, 2760, 948, 981, 1325, 790, 1525, 1247, 707, 683, 592, 704]
diff = [4.422770795153852e-07, 2.8883732771767257e-05, 1.2843090877456831e-06, 1.1102230246251565e-16, -2.2204460492503131e-16, 9.105115538976527e-06, 6.9707205319846643e-05, 1.3773362838032099e-06, 2.8053849248088625e-06, 8.5020249684930604e-07, 1.8485996187145304e-06, 0.00016103541211009986, 0.0, 4.532977091353807e-06, -2.2204460492503131e-16, 0.0]
Starting iteration 24
[2203, 2115, 1702, 631, 1939, 2763, 952, 981, 1324, 790, 1523, 1232, 707, 683, 592, 704]
diff = [1.9635415691166003e-06, 3.9073173564330155e-05, 4.0395352850497446e-06, 1.1102230246251565e-16, -2.2204460492503131e-16, 9.2169876089176483e-06, 3.4233738976374717e-05, 0.0, 2.2040001559364697e-06, 2.2204460492503131e-16, 8.1660983786147057e-07, 0.0001296648686839319, 0.0, 2.2204460492503131e-16, -2.2204460492503131e-16, 0.0]
Starting iteration 25
[2203, 2121, 1706, 631, 1939, 2762, 949, 982, 1323, 791, 1523, 1223, 707, 684, 593, 704]
diff = [0.0, 1.3503166227168961e-05, 3.2032180211638561e-06, 1.1102230246251565e-16, -2.2204460492503131e-16, 5.3161711468519002e-06, 3.2802537654585961e-05, 2.8101122618862107e-06, 3.6282336768334034e-06, 6.0614537813474811e-06, 2.3222944240952614e-06, 6.2274168911469197e-05, 0.0, 1.3453460991241784e-05, 7.6960508743617595e-06, 0.0]
Starting iteration 26
[2203, 2124, 1708, 631, 1939, 2767, 949, 982, 1321, 791, 1524, 1214, 707, 684, 593, 704]
diff = [0.0, 2.3241356799652557e-05, 3.2392581765794404e-06, 1.1102230246251565e-16, -2.2204460492503131e-16, 4.7663720011970057e-06, 1.7818800981284078e-05, 2.2204460492503131e-16, 5.9088716516386697e-06, 0.0, 6.8421220889014478e-07, 7.9839666576875246e-05, 0.0, 0.0, 2.2204460492503131e-16, 0.0]
Starting iteration 27
[2203, 2125, 1710, 631, 1939, 2769, 948, 981, 1320, 791, 1525, 1211, 707, 684, 593, 704]
diff = [0.0, 1.1480662936103059e-05, 1.3699926714183519e-06, 1.1102230246251565e-16, -2.2204460492503131e-16, 1.7047670398673276e-06, 6.2161931747573007e-06, 2.0051303836199352e-06, 7.8320384033769841e-07, 0.0, 8.3619427637682264e-07, 2.7493005931078507e-05, 0.0, 0.0, 2.2204460492503131e-16, 0.0]
Starting iteration 28
[2203, 2127, 1712, 631, 1939, 2769, 943, 981, 1320, 791, 1525, 1212, 707, 684, 593, 704]
diff = [0.0, 2.8806437647466154e-06, 2.0043402717551118e-06, 1.1102230246251565e-16, -2.2204460492503131e-16, -2.2204460492503131e-16, 4.5492059182805633e-05, 0.0, 1.1102230246251565e-16, 0.0, 0.0, 5.2586194338788417e-05, 0.0, 0.0, 2.2204460492503131e-16, 0.0]
Starting iteration 29
[2203, 2126, 1711, 631, 1939, 2770, 943, 982, 1320, 791, 1525, 1212, 707, 684, 593, 704]
diff = [0.0, 2.1924321189636942e-06, 6.3753419798917577e-07, 1.1102230246251565e-16, -2.2204460492503131e-16, 3.0006001983107211e-07, -2.2204460492503131e-16, 2.1691277357627214e-06, 1.1102230246251565e-16, 0.0, 0.0, 3.4345875765673384e-06, 0.0, 0.0, 2.2204460492503131e-16, 0.0]
Converged in 30 iterations
K-means converged in time: 3241.32400799 seconds or 54.0220667998 minutes
Entropy = 3.25008232272
