Starting iteration 0
[480, 162, 109, 350, 113, 148, 334, 75, 202, 16698, 45, 87, 243, 686, 1025, 84]
diff = [18.531694619433765, 19.560907372553022, 18.109936686322158, 18.988804900294003, 18.190784179024085, 19.676003922658587, 19.031700700219517, 19.95097583330848, 18.433407051311224, 19.240459623404085, 18.527958416121425, 20.508153357739033, 18.606014174237149, 18.176218844100749, 19.006219863787877, 20.162530206899014]
Starting iteration 1
[1050, 294, 387, 839, 251, 1796, 792, 105, 401, 9981, 445, 271, 1164, 1059, 1682, 324]
diff = [3.2082326685992313, 9.0270526258562462, 5.0693206251254983, 2.5942968152939376, 4.0761794240335982, 6.5036291082138176, 2.8939974331775975, 6.3825430853091527, 4.292966110119095, 1.7486043526121158, 6.595034979922322, 5.1590779846679906, 5.6981156088965692, 2.8806960664883223, 1.6500595148327584, 5.7053640930112426]
Starting iteration 2
[955, 402, 526, 1153, 226, 1829, 1447, 113, 486, 8432, 523, 239, 1171, 1166, 1815, 358]
diff = [1.6146280796707049, 2.9334740068492415, 2.8452523289944227, 1.5639047612615751, 5.0497670884440433, 1.2872186965477375, 1.9793060690817028, 9.5008059792740269, 2.616896178953922, 0.45770771327852949, 2.6662888525486785, 2.2302897190109485, 1.2418693798746734, 2.3237285094219233, 0.83074737737007809, 1.6041657719157854]
Starting iteration 3
[896, 482, 498, 1278, 279, 1787, 1673, 183, 494, 7774, 490, 226, 1104, 991, 2342, 344]
diff = [1.0931407623800198, 2.0058325211369308, 1.1672405610736076, 1.1464669503356379, 4.4961202777825768, 0.69400523734831354, 1.2802583565578851, 8.0023487082482969, 1.9709995626028962, 0.27597037972782718, 1.3885711628909894, 1.2576274385185691, 0.52622962412641128, 1.4181612961455934, 0.94247004885341346, 0.85944216990729727]
Starting iteration 4
[876, 524, 483, 1268, 332, 1743, 1722, 209, 521, 7678, 476, 228, 1035, 802, 2618, 326]
diff = [0.71182244775060222, 1.4477588890398707, 0.91025384964367362, 0.5897399497439495, 1.7384100287678297, 0.41897440304977879, 0.67787982139342307, 2.863507938859871, 1.0889671045077898, 0.240449561379217, 0.55248876534247282, 0.69992896417709038, 0.41301277183372359, 2.9682947633548573, 1.2866870148037284, 0.89195888737139417]
Starting iteration 5
[864, 571, 461, 1234, 372, 1705, 1661, 195, 544, 8061, 475, 232, 968, 863, 2333, 302]
diff = [0.70132398162992893, 1.3852244761335433, 0.86039783015694693, 0.36922980090893609, 0.96317054052914053, 0.34338232320772899, 0.4041229103953542, 1.2740016648029466, 0.67943646744902375, 0.22974732765041775, 0.31564689766966009, 0.46844623447812983, 0.43373177217889192, 1.240434879687544, 1.2912934263518145, 0.8726237922305069]
Starting iteration 6
[893, 594, 435, 1186, 393, 1706, 1610, 183, 548, 8484, 484, 232, 927, 877, 2012, 277]
diff = [0.65968904590525668, 0.96735642901133256, 0.92194412254307256, 0.31615892417579833, 0.44616232718010268, 0.19018139237078494, 0.28832953989479387, 1.0895912456954839, 0.52425945724897527, 0.16230325595017328, 0.19621052479995307, 0.26434048459417181, 0.26608029969661151, 0.26704699431492118, 0.92146762845714913, 0.98834339762064649]
Starting iteration 7
[952, 600, 410, 1131, 402, 1716, 1579, 174, 554, 8723, 491, 233, 899, 892, 1817, 268]
diff = [0.67161912623503073, 0.45316214125412929, 0.70143722416479937, 0.29960585586908045, 0.25621640323813366, 0.073880892099956269, 0.18246668974616342, 0.81750189727250488, 0.51744738027095949, 0.096430723059589302, 0.1459672356428508, 0.36719071196572622, 0.18225665667501306, 0.22845326479094283, 0.49286948618363235, 1.0882583792155447]
Starting iteration 8
[969, 596, 395, 1109, 408, 1729, 1574, 170, 544, 8860, 492, 241, 878, 904, 1708, 264]
diff = [0.46143414361873619, 0.24370247804937475, 0.54416785203726414, 0.20719538030766424, 0.15642464471264259, 0.07636172414323035, 0.10986677740429525, 0.46844731108149174, 0.24564146262921568, 0.055535091239655075, 0.12121177589159061, 0.41356088016892129, 0.14750715738301823, 0.16418119302917411, 0.27994830758152534, 0.59664510289521822]
Starting iteration 9
[981, 591, 384, 1073, 411, 1732, 1579, 168, 537, 8959, 499, 257, 863, 897, 1642, 268]
diff = [0.35444380900503447, 0.093666772066529722, 0.44587000964080736, 0.18212650230025287, 0.18774411979622327, 0.035625817251383807, 0.066764851506380313, 0.367699869489652, 0.15029969448631811, 0.03983774693085923, 0.16922768749049677, 0.50385052065522185, 0.12679214133979774, 0.13420644859236344, 0.1551518184838577, 0.33287674765670799]
Starting iteration 10
[964, 591, 369, 1046, 415, 1735, 1576, 167, 532, 9020, 505, 284, 859, 901, 1607, 270]
diff = [0.36766450357884545, 0.037607632438059105, 0.41885529774633951, 0.15333835845337429, 0.12715332678742663, 0.020757264187310349, 0.051137543307004284, 0.20341485543752771, 0.12381411269365594, 0.024763758262397965, 0.16548891549697786, 0.71758954181489254, 0.053258716515588229, 0.098976548032885539, 0.092974877029709233, 0.21690036463815998]
Starting iteration 11
[922, 591, 360, 1025, 419, 1737, 1588, 166, 528, 9069, 515, 309, 859, 904, 1578, 271]
diff = [0.41163845166988056, 0.043105716422527474, 0.37371424788090435, 0.15612658379264882, 0.10020116623178618, 0.0097064754974516276, 0.071767982070607708, 0.164309178052821, 0.072924672398412521, 0.021792459298291114, 0.21067687635631546, 0.65097466361275758, 0.020792283002900772, 0.072603522243999533, 0.083355933527394663, 0.090217588460752493]
Starting iteration 12
[861, 591, 351, 1018, 423, 1737, 1608, 164, 527, 9104, 521, 336, 861, 901, 1567, 271]
diff = [0.58458602428597262, 0.0, 0.39610222318190685, 0.093869912559265078, 0.10967441509819109, 0.0, 0.10078841370035935, 0.25768429391235942, 0.033524604204249492, 0.01867022138332685, 0.21258544885234043, 0.70796066839789651, 0.07086567900898702, 0.081541007444952379, 0.045556084503757553, 0.0]
Starting iteration 13
[785, 591, 343, 1015, 426, 1737, 1632, 163, 527, 9136, 524, 371, 858, 900, 1561, 272]
diff = [0.8574020724777951, 0.0, 0.34965736779605799, 0.090171840885029636, 0.074859533844542275, 0.0, 0.18675391582505577, 0.2321901631946425, 0.0, 0.020240702322032175, 0.13174132836501173, 0.75609151351924042, 0.06597861348370368, 0.11592621664871645, 0.038881974254566722, 0.050400063774429085]
Starting iteration 14
[750, 591, 338, 1016, 425, 1737, 1636, 159, 527, 9160, 526, 397, 856, 894, 1555, 274]
diff = [0.41120509761458163, 0.0, 0.47715778856218749, 0.092850229560852246, 0.052366709319435933, 0.0, 0.05129405780848429, 0.62391638461089416, 0.0, 0.016771660795237082, 0.089016399971466348, 0.63848093809330375, 0.036147460009070466, 0.10737716657313423, 0.049883622258816665, 0.25958828314385851]
Starting iteration 15
[715, 591, 328, 1010, 425, 1737, 1642, 154, 526, 9181, 531, 420, 857, 898, 1549, 277]
diff = [0.44007762605148915, 0.0, 0.54143702543326799, 0.077396755852316521, 0.0, 0.0, 0.072015584673052288, 0.60640416041918732, 0.062586400922470226, 0.017948332594505536, 0.14366741144951323, 0.46584297607023661, 0.024101327515934756, 0.097102733351433657, 0.0283100702946011, 0.19293936277959112]
Starting iteration 16
[679, 591, 322, 1003, 425, 1737, 1647, 154, 529, 9214, 533, 440, 857, 889, 1541, 280]
diff = [0.6294650010535372, 0.0, 0.40215719054430521, 0.12735158415896206, 0.0, 0.0, 0.07424486233778152, 0.0, 0.072592677127006552, 0.024951565365253205, 0.13333173720482602, 0.41189048708979914, 0.035277051243479553, 0.10148009819964059, 0.03037428887178046, 0.1410445322843262]
Starting iteration 17
[622, 591, 320, 997, 426, 1737, 1654, 156, 529, 9264, 532, 447, 856, 889, 1540, 281]
diff = [0.90018338179872526, 0.0, 0.19895555972933407, 0.082464945460840017, 0.036460941824497904, 0.0, 0.054775298384896101, 0.31204533323248029, 0.0, 0.043969104317898751, 0.074107872572286806, 0.28843608339861687, 0.046597355568468612, 0.019483136193125715, 0.024113950409279841, 0.089287783999589157]
Starting iteration 18
[557, 591, 317, 987, 428, 1737, 1656, 156, 529, 9328, 531, 464, 855, 888, 1535, 282]
diff = [1.2491306649826561, 0.0, 0.1748914267654989, 0.092042731880388001, 0.066174026509341594, 0.0, 0.027657160504999174, 0.0, 0.0, 0.050098407558548226, 0.018610515861405316, 0.53638376119152975, 0.039773425645469741, 0.018458054436287129, 0.042654050193814387, 0.21216337593779808]
Starting iteration 19
[552, 591, 317, 980, 434, 1737, 1652, 156, 529, 9315, 528, 499, 855, 882, 1535, 279]
diff = [0.21355667170517389, 0.0, 0.091537022893040346, 0.11276544609485975, 0.16133529639242389, 0.0, 0.038241270589346801, 0.0, 0.092878022658134302, 0.031009857667622966, 0.058711601507012129, 0.65053973199417203, 0.0, 0.086525947152812532, 0.026622562529905597, 0.15001087863993035]
Starting iteration 20
[552, 591, 317, 974, 436, 1736, 1644, 156, 528, 9311, 528, 527, 854, 877, 1532, 278]
diff = [0.098344706870579585, 0.0, 0.0, 0.1013363626279323, 0.10613297870101847, 0.0077674254225986138, 0.049165612361995542, 0.0, 0.035107753613906785, 0.014297004384273677, 0.0, 0.39351957522093622, 0.018488558927999433, 0.07990500613980632, 0.016770548396902611, 0.21839590459502264]
Starting iteration 21
[551, 591, 317, 966, 439, 1735, 1636, 156, 526, 9314, 528, 551, 853, 871, 1531, 276]
diff = [0.05972009205339314, 0.0, 0.0, 0.11254864018715471, 0.07989324776652236, 0.0079443591842484357, 0.056794995236332586, 0.0, 0.075005737400502842, 0.010474648761537522, 0.0, 0.25615900837923505, 0.023525353438645077, 0.070616380503417411, 0.0071819801660143552, 0.10427078752288443]
Starting iteration 22
[550, 591, 317, 962, 440, 1735, 1632, 155, 522, 9315, 530, 566, 854, 868, 1528, 276]
diff = [0.016426887435783882, 0.0, 0.0, 0.13087309877985037, 0.042706367243855958, 0.0, 0.041663994202757945, 0.17756740040916852, 0.14165495812311901, 0.0064592606521217599, 0.077419734307708848, 0.16431302485993529, 0.027884211849230092, 0.081026038682881066, 0.019074950632639222, 0.0]
Starting iteration 23
[549, 591, 317, 958, 441, 1734, 1628, 154, 519, 9319, 530, 578, 855, 865, 1527, 276]
diff = [0.02298869951765857, 0.0, 0.0, 0.074744232395731441, 0.054667092128721742, 0.0068326481196525528, 0.025897201909672988, 0.11839933547725273, 0.070367811132139038, 0.0062520788620256187, 0.0, 0.13345209915388151, 0.022349286017194096, 0.069923065763878356, 0.018788402688261506, 0.0]
Starting iteration 24
[549, 591, 318, 953, 443, 1734, 1626, 154, 519, 9324, 530, 578, 856, 864, 1526, 276]
diff = [0.0, 0.0, 0.068160787060032368, 0.058425705284457875, 0.10157238568239882, 0.0, 0.011048389057846076, 0.0, 0.0, 0.0041444392489977302, 0.0, 0.079453027703841161, 0.029099384268782523, 0.025087896949415253, 0.016389097074745545, 0.0]
Starting iteration 25
[548, 591, 318, 946, 447, 1734, 1628, 154, 519, 9325, 530, 578, 856, 865, 1526, 276]
diff = [0.016520579186851164, 0.0, 0.0, 0.06711164229507291, 0.099235783036074526, 0.0, 0.017394255844432865, 0.0, 0.0, 0.0054726646212230013, 0.0, 0.0, 0.0, 0.010462712777575312, 0.0, 0.0]
Starting iteration 26
[548, 591, 318, 935, 453, 1734, 1628, 154, 519, 9329, 530, 579, 856, 865, 1526, 276]
diff = [0.0, 0.0, 0.0, 0.12614513764617158, 0.13620610899823701, 0.0, 0.020657459116462332, 0.0, 0.0, 0.010000835029819376, 0.0, 0.031815059211054215, 0.0, 0.0, 0.0, 0.0]
Starting iteration 27
[548, 591, 319, 924, 455, 1734, 1627, 154, 519, 9334, 531, 581, 857, 865, 1526, 276]
diff = [0.0, 0.0, 0.093258525430218023, 0.14840774317293551, 0.063371918964025692, 0.0, 0.011058279413272774, 0.0, 0.0, 0.0090601915843742682, 0.051041158558621083, 0.057674151754280374, 0.026867459289089526, 0.0, 0.0, 0.0]
Starting iteration 28
[548, 591, 319, 917, 455, 1734, 1627, 154, 518, 9341, 531, 582, 857, 865, 1526, 276]
diff = [0.0, 0.0, 0.0, 0.14324741755164871, 0.0, 0.0, 0.0, 0.0, 0.041229275751393145, 0.011570419487084468, 0.0, 0.059506010512434759, 0.0, 0.0, 0.0, 0.0]
Starting iteration 29
[548, 591, 319, 910, 455, 1734, 1627, 154, 518, 9346, 531, 584, 857, 865, 1526, 276]
diff = [0.0, 0.0, 0.0, 0.15409271480701564, 0.0, 0.0, 0.0, 0.0, 0.0, 0.013129555346568469, 0.0, 0.055271247435937171, 0.0, 0.0, 0.0, 0.0]
Starting iteration 30
[548, 591, 319, 899, 455, 1734, 1629, 154, 518, 9354, 531, 584, 857, 866, 1526, 276]
diff = [0.0, 0.0, 0.0, 0.15259755758578977, 0.0, 0.0, 0.035469838006550805, 0.0, 0.0, 0.010844102336557093, 0.0, 0.0, 0.0, 0.014799944803751875, 0.0, 0.0]
Starting iteration 31
[548, 591, 319, 892, 455, 1734, 1629, 154, 517, 9361, 531, 585, 857, 866, 1526, 276]
diff = [0.0, 0.0, 0.0, 0.11657517084400554, 0.0, 0.0, 0.0, 0.0, 0.036451408711679754, 0.0093257352530888172, 0.0, 0.050317573141390973, 0.0, 0.0, 0.0, 0.0]
Starting iteration 32
[548, 591, 319, 890, 456, 1734, 1629, 154, 515, 9364, 531, 585, 856, 867, 1526, 276]
diff = [0.0, 0.0, 0.0, 0.12400417265854705, 0.041289985311667513, 0.0, 0.0, 0.0, 0.050296106312109505, 0.010273411697095974, 0.0, 0.0, 0.020792430741821712, 0.032556893077842139, 0.0, 0.0]
Starting iteration 33
[548, 591, 320, 886, 456, 1734, 1629, 154, 515, 9365, 532, 585, 856, 868, 1526, 276]
diff = [0.0, 0.0, 0.080953042579408968, 0.050285605918726849, 0.0, 0.0, 0.0, 0.0, 0.0, 0.003106890305614497, 0.045359616726801444, 0.0, 0.0, 0.014707594138554924, 0.0, 0.0]
Starting iteration 34
[548, 591, 320, 884, 456, 1734, 1629, 154, 515, 9367, 532, 585, 856, 868, 1526, 276]
diff = [0.0, 0.0, 0.0, 0.033384014698921931, 0.0, 0.0, 0.0, 0.0, 0.0, 0.0031505582687140123, 0.0, 0.0, 0.0, 0.0, 0.0, 0.0]
Starting iteration 35
[548, 591, 320, 883, 456, 1734, 1629, 154, 515, 9368, 532, 585, 856, 868, 1526, 276]
diff = [0.0, 0.0, 0.0, 0.023571420302961454, 0.0, 0.0, 0.0, 0.0, 0.0, 0.0022216561321302792, 0.0, 0.0, 0.0, 0.0, 0.0, 0.0]
Starting iteration 36
[548, 591, 320, 883, 456, 1734, 1629, 154, 515, 9368, 532, 585, 856, 868, 1526, 276]
diff = [0.0, 0.0, 0.0, 0.0, 0.0, 0.0, 0.0, 0.0, 0.0, 0.0, 0.0, 0.0, 0.0, 0.0, 0.0, 0.0]
Converged in 37 iterations
K-means converged in time: 5025.83241606 seconds or 83.763873601 minutes
Entropy = 3.46016354507
