Magnitudes computed in time:  2.0978679657
Starting iteration 0
[9469, 11372]
diff = [0.44197121295809882, 0.38470802576841401]
Starting iteration 1
[9951, 10890]
diff = [0.062194419965392655, 0.071843012720272159]
Starting iteration 2
[9208, 11633]
diff = [0.0067476679990259303, 0.0051549505255225059]
Starting iteration 3
[8636, 12205]
diff = [0.0013726436137845299, 0.0010510123599615229]
Starting iteration 4
[8184, 12657]
diff = [0.00067704300745285995, 0.00049725783822074376]
Starting iteration 5
[7717, 13124]
diff = [0.00071763622815457229, 0.00048540416484366133]
Starting iteration 6
[7240, 13601]
diff = [0.00073910213099415145, 0.00044935639243970371]
Starting iteration 7
[6742, 14099]
diff = [0.00092003364606474403, 0.00049828033387677717]
Starting iteration 8
[6200, 14641]
diff = [0.0013659210565732938, 0.00063227844666280397]
Starting iteration 9
[5733, 15108]
diff = [0.0010004022382168465, 0.00040074187052296928]
Starting iteration 10
[5356, 15485]
diff = [0.00078885828565211646, 0.00028529961535550541]
Starting iteration 11
[5041, 15800]
diff = [0.00087975292829667318, 0.00028676852515285844]
Starting iteration 12
[4733, 16108]
diff = [0.001051407778963287, 0.00030396979270030933]
Starting iteration 13
[4449, 16392]
diff = [0.0013523573135894029, 0.00034811112605070971]
Starting iteration 14
[4142, 16699]
diff = [0.0019181210662029269, 0.00043396174224619166]
Starting iteration 15
[3873, 16968]
diff = [0.0020726744447598922, 0.00041750365093717878]
Starting iteration 16
[3776, 17065]
diff = [0.00032798389730992472, 6.2073258511818885e-05]
Starting iteration 17
[3737, 17104]
diff = [5.7826527350091084e-05, 1.1297850924685271e-05]
Starting iteration 18
[3721, 17120]
diff = [8.6387966714562836e-06, 1.7065086858059075e-06]
Starting iteration 19
[3715, 17126]
diff = [2.0127765244515317e-06, 3.9712555555126983e-07]
Converged in 20 iterations
K-means converged in time: 302.1634202 seconds or 5.03605700334 minutes
Entropy = 3.80375332771
